<?xml version="1.0" encoding="UTF-8"?>
<testsuite xmlns:xsi="http://www.w3.org/2001/XMLSchema-instance" xsi:noNamespaceSchemaLocation="https://maven.apache.org/surefire/maven-surefire-plugin/xsd/surefire-test-report-3.0.xsd" version="3.0" name="crux.CompilerStageTests" time="0.667" tests="50" errors="0" skipped="0" failures="50">
  <properties>
    <property name="awt.toolkit" value="sun.awt.X11.XToolkit"/>
    <property name="java.specification.version" value="12"/>
    <property name="sun.jnu.encoding" value="UTF-8"/>
    <property name="java.class.path" value="/home/henryf2/CS142a/crux/target/test-classes:/home/henryf2/CS142a/crux/target/classes:/home/henryf2/.m2/repository/org/antlr/antlr4-runtime/4.7.2/antlr4-runtime-4.7.2.jar:/home/henryf2/.m2/repository/org/junit/jupiter/junit-jupiter-api/5.5.2/junit-jupiter-api-5.5.2.jar:/home/henryf2/.m2/repository/org/apiguardian/apiguardian-api/1.1.0/apiguardian-api-1.1.0.jar:/home/henryf2/.m2/repository/org/opentest4j/opentest4j/1.2.0/opentest4j-1.2.0.jar:/home/henryf2/.m2/repository/org/junit/platform/junit-platform-commons/1.5.2/junit-platform-commons-1.5.2.jar:/home/henryf2/.m2/repository/org/junit/jupiter/junit-jupiter-engine/5.5.2/junit-jupiter-engine-5.5.2.jar:/home/henryf2/.m2/repository/org/junit/platform/junit-platform-engine/1.5.2/junit-platform-engine-1.5.2.jar:"/>
    <property name="java.vm.vendor" value="Oracle Corporation"/>
    <property name="sun.arch.data.model" value="64"/>
    <property name="java.vendor.url" value="https://java.oracle.com/"/>
    <property name="os.name" value="Linux"/>
    <property name="java.vm.specification.version" value="12"/>
    <property name="sun.java.launcher" value="SUN_STANDARD"/>
    <property name="user.country" value="US"/>
    <property name="sun.boot.library.path" value="/pkg/openjdk/12/lib"/>
    <property name="sun.java.command" value="/home/henryf2/CS142a/crux/target/surefire/surefirebooter3893390168961611528.jar /home/henryf2/CS142a/crux/target/surefire 2021-01-09T14-33-46_777-jvmRun1 surefire4590926572140897146tmp surefire_03259120362741899106tmp"/>
    <property name="jdk.debug" value="release"/>
    <property name="surefire.test.class.path" value="/home/henryf2/CS142a/crux/target/test-classes:/home/henryf2/CS142a/crux/target/classes:/home/henryf2/.m2/repository/org/antlr/antlr4-runtime/4.7.2/antlr4-runtime-4.7.2.jar:/home/henryf2/.m2/repository/org/junit/jupiter/junit-jupiter-api/5.5.2/junit-jupiter-api-5.5.2.jar:/home/henryf2/.m2/repository/org/apiguardian/apiguardian-api/1.1.0/apiguardian-api-1.1.0.jar:/home/henryf2/.m2/repository/org/opentest4j/opentest4j/1.2.0/opentest4j-1.2.0.jar:/home/henryf2/.m2/repository/org/junit/platform/junit-platform-commons/1.5.2/junit-platform-commons-1.5.2.jar:/home/henryf2/.m2/repository/org/junit/jupiter/junit-jupiter-engine/5.5.2/junit-jupiter-engine-5.5.2.jar:/home/henryf2/.m2/repository/org/junit/platform/junit-platform-engine/1.5.2/junit-platform-engine-1.5.2.jar:"/>
    <property name="sun.cpu.endian" value="little"/>
    <property name="user.home" value="/home/henryf2"/>
    <property name="user.language" value="en"/>
    <property name="java.specification.vendor" value="Oracle Corporation"/>
    <property name="java.version.date" value="2019-03-19"/>
    <property name="java.home" value="/pkg/openjdk/12"/>
    <property name="file.separator" value="/"/>
    <property name="basedir" value="/home/henryf2/CS142a/crux"/>
    <property name="java.vm.compressedOopsMode" value="Zero based"/>
    <property name="line.separator" value="&#10;"/>
    <property name="java.vm.specification.vendor" value="Oracle Corporation"/>
    <property name="java.specification.name" value="Java Platform API Specification"/>
    <property name="java.awt.graphicsenv" value="sun.awt.X11GraphicsEnvironment"/>
    <property name="surefire.real.class.path" value="/home/henryf2/CS142a/crux/target/surefire/surefirebooter3893390168961611528.jar"/>
    <property name="sun.management.compiler" value="HotSpot 64-Bit Tiered Compilers"/>
    <property name="java.runtime.version" value="12+33"/>
    <property name="user.name" value="henryf2"/>
    <property name="path.separator" value=":"/>
    <property name="os.version" value="3.10.0-1127.10.1.el7.x86_64"/>
    <property name="java.runtime.name" value="OpenJDK Runtime Environment"/>
    <property name="file.encoding" value="UTF-8"/>
    <property name="java.vm.name" value="OpenJDK 64-Bit Server VM"/>
    <property name="localRepository" value="/home/henryf2/.m2/repository"/>
    <property name="java.vendor.url.bug" value="https://bugreport.java.com/bugreport/"/>
    <property name="java.io.tmpdir" value="/tmp"/>
    <property name="java.version" value="12"/>
    <property name="user.dir" value="/home/henryf2/CS142a/crux"/>
    <property name="os.arch" value="amd64"/>
    <property name="java.vm.specification.name" value="Java Virtual Machine Specification"/>
    <property name="java.library.path" value="/pkg/openjdk/12/lib:/pkg/maven/3.6.3/lib:/usr/java/packages/lib:/usr/lib64:/lib64:/lib:/usr/lib"/>
    <property name="java.vm.info" value="mixed mode, sharing"/>
    <property name="java.vendor" value="Oracle Corporation"/>
    <property name="java.vm.version" value="12+33"/>
    <property name="sun.io.unicode.encoding" value="UnicodeLittle"/>
    <property name="java.class.version" value="56.0"/>
  </properties>
  <testcase name="parseTree" classname="crux.CompilerStageTests" time="0.146">
    <failure type="org.opentest4j.AssertionFailedError"><![CDATA[org.opentest4j.AssertionFailedError: 
Parse tree for program crux/stages/parse-tree/test01.crx differs from expected output. ==> expected: <program
  declarationList
    declaration
      functionDefinition
        parameterList
        type
        statementBlock
          statementList
> but was: <program
  declarationList
    declaration
      functionDefinition
        parameterList
        type
        statementBlock
          statementList
>
	at crux.CompilerStageTests.lambda$parseTree$1(CompilerStageTests.java:48)
]]></failure>
  </testcase>
  <testcase name="parseTree" classname="crux.CompilerStageTests" time="0.009">
    <failure type="org.opentest4j.AssertionFailedError"><![CDATA[org.opentest4j.AssertionFailedError: 
Parse tree for program crux/stages/parse-tree/test02.crx differs from expected output. ==> expected: <program
  declarationList
    declaration
      functionDefinition
        parameterList
        type
        statementBlock
          statementList
            statement
              callStatement
                callExpression
                  expressionList
                    expression0
                      expression1
                        expression2
                          expression3
                            literal
> but was: <program
  declarationList
    declaration
      functionDefinition
        parameterList
        type
        statementBlock
          statementList
            statement
              callStatement
                callExpression
                  expressionList
                    expression0
                      expression1
                        expression2
                          expression3
                            literal
>
	at crux.CompilerStageTests.lambda$parseTree$1(CompilerStageTests.java:48)
]]></failure>
  </testcase>
  <testcase name="parseTree" classname="crux.CompilerStageTests" time="0.01">
    <failure type="org.opentest4j.AssertionFailedError"><![CDATA[org.opentest4j.AssertionFailedError: 
Parse tree for program crux/stages/parse-tree/test03.crx differs from expected output. ==> expected: <program
  declarationList
    declaration
      functionDefinition
        parameterList
        type
        statementBlock
          statementList
            statement
              callStatement
                callExpression
                  expressionList
                    expression0
                      expression1
                        expression2
                          expression3
                            literal
            statement
              callStatement
                callExpression
                  expressionList
                    expression0
                      expression1
                        expression2
                          expression3
                            literal
> but was: <program
  declarationList
    declaration
      functionDefinition
        parameterList
        type
        statementBlock
          statementList
            statement
              callStatement
                callExpression
                  expressionList
                    expression0
                      expression1
                        expression2
                          expression3
                            literal
            statement
              callStatement
                callExpression
                  expressionList
                    expression0
                      expression1
                        expression2
                          expression3
                            literal
>
	at crux.CompilerStageTests.lambda$parseTree$1(CompilerStageTests.java:48)
]]></failure>
  </testcase>
  <testcase name="parseTree" classname="crux.CompilerStageTests" time="0.006">
    <failure type="org.opentest4j.AssertionFailedError"><![CDATA[org.opentest4j.AssertionFailedError: 
Parse tree for program crux/stages/parse-tree/test04.crx differs from expected output. ==> expected: <program
  declarationList
    declaration
      functionDefinition
        parameterList
        type
        statementBlock
          statementList
            statement
              callStatement
                callExpression
                  expressionList
                    expression0
                      expression1
                        expression2
                          expression3
                            literal
                        op1
                        expression2
                          expression3
                            literal
> but was: <program
  declarationList
    declaration
      functionDefinition
        parameterList
        type
        statementBlock
          statementList
            statement
              callStatement
                callExpression
                  expressionList
                    expression0
                      expression1
                        expression2
                          expression3
                            literal
                        op1
                        expression2
                          expression3
                            literal
>
	at crux.CompilerStageTests.lambda$parseTree$1(CompilerStageTests.java:48)
]]></failure>
  </testcase>
  <testcase name="parseTree" classname="crux.CompilerStageTests" time="0.006">
    <failure type="org.opentest4j.AssertionFailedError"><![CDATA[org.opentest4j.AssertionFailedError: 
Parse tree for program crux/stages/parse-tree/test05.crx differs from expected output. ==> expected: <program
  declarationList
    declaration
      variableDeclaration
        type
    declaration
      arrayDeclaration
        type
    declaration
      functionDefinition
        parameterList
        type
        statementBlock
          statementList
> but was: <program
  declarationList
    declaration
      variable_declaration
        type
    declaration
      array_declaration
        type
    declaration
      functionDefinition
        parameterList
        type
        statementBlock
          statementList
>
	at crux.CompilerStageTests.lambda$parseTree$1(CompilerStageTests.java:48)
]]></failure>
  </testcase>
  <testcase name="parseTree" classname="crux.CompilerStageTests" time="0.006">
    <failure type="org.opentest4j.AssertionFailedError"><![CDATA[org.opentest4j.AssertionFailedError: 
Parse tree for program crux/stages/parse-tree/test06.crx differs from expected output. ==> expected: <program
  declarationList
    declaration
      variableDeclaration
        type
    declaration
      functionDefinition
        parameterList
        type
        statementBlock
          statementList
            statement
              assignmentStatement
                designator
                expression0
                  expression1
                    expression2
                      expression3
                        literal
            statement
              callStatement
                callExpression
                  expressionList
                    expression0
                      expression1
                        expression2
                          expression3
                            designator
> but was: <program
  declarationList
    declaration
      variable_declaration
        type
    declaration
      functionDefinition
        parameterList
        type
        statementBlock
          statementList
            statement
              assignmentStatement
                designator
                expression0
                  expression1
                    expression2
                      expression3
                        literal
            statement
              callStatement
                callExpression
                  expressionList
                    expression0
                      expression1
                        expression2
                          expression3
                            designator
>
	at crux.CompilerStageTests.lambda$parseTree$1(CompilerStageTests.java:48)
]]></failure>
  </testcase>
  <testcase name="parseTree" classname="crux.CompilerStageTests" time="0.005">
    <failure type="org.opentest4j.AssertionFailedError"><![CDATA[org.opentest4j.AssertionFailedError: 
Parse tree for program crux/stages/parse-tree/test07.crx differs from expected output. ==> expected: <program
  declarationList
    declaration
      functionDefinition
        parameterList
        type
        statementBlock
          statementList
            statement
              variableDeclaration
                type
            statement
              assignmentStatement
                designator
                expression0
                  expression1
                    expression2
                      expression3
                        literal
            statement
              callStatement
                callExpression
                  expressionList
                    expression0
                      expression1
                        expression2
                          expression3
                            designator
> but was: <program
  declarationList
    declaration
      functionDefinition
        parameterList
        type
        statementBlock
          statementList
            statement
              variable_declaration
                type
            statement
              assignmentStatement
                designator
                expression0
                  expression1
                    expression2
                      expression3
                        literal
            statement
              callStatement
                callExpression
                  expressionList
                    expression0
                      expression1
                        expression2
                          expression3
                            designator
>
	at crux.CompilerStageTests.lambda$parseTree$1(CompilerStageTests.java:48)
]]></failure>
  </testcase>
  <testcase name="parseTree" classname="crux.CompilerStageTests" time="0.005">
    <failure type="org.opentest4j.AssertionFailedError"><![CDATA[org.opentest4j.AssertionFailedError: 
Parse tree for program crux/stages/parse-tree/test08.crx differs from expected output. ==> expected: <program
  declarationList
    declaration
      functionDefinition
        parameterList
        type
        statementBlock
          statementList
            statement
              callStatement
                callExpression
                  expressionList
                    expression0
                      expression1
                        expression2
                          expression3
                            literal
    declaration
      functionDefinition
        parameterList
        type
        statementBlock
          statementList
            statement
              callStatement
                callExpression
                  expressionList
> but was: <program
  declarationList
    declaration
      functionDefinition
        parameterList
        type
        statementBlock
          statementList
            statement
              callStatement
                callExpression
                  expressionList
                    expression0
                      expression1
                        expression2
                          expression3
                            literal
    declaration
      functionDefinition
        parameterList
        type
        statementBlock
          statementList
            statement
              callStatement
                callExpression
                  expressionList
>
	at crux.CompilerStageTests.lambda$parseTree$1(CompilerStageTests.java:48)
]]></failure>
  </testcase>
  <testcase name="parseTree" classname="crux.CompilerStageTests" time="0.006">
    <failure type="org.opentest4j.AssertionFailedError"><![CDATA[org.opentest4j.AssertionFailedError: 
Parse tree for program crux/stages/parse-tree/test09.crx differs from expected output. ==> expected: <program
  declarationList
    declaration
      functionDefinition
        parameterList
          parameter
            type
        type
        statementBlock
          statementList
            statement
              callStatement
                callExpression
                  expressionList
                    expression0
                      expression1
                        expression2
                          expression3
                            designator
    declaration
      functionDefinition
        parameterList
        type
        statementBlock
          statementList
            statement
              callStatement
                callExpression
                  expressionList
                    expression0
                      expression1
                        expression2
                          expression3
                            literal
> but was: <program
  declarationList
    declaration
      functionDefinition
        parameterList
          parameter
            type
        type
        statementBlock
          statementList
            statement
              callStatement
                callExpression
                  expressionList
                    expression0
                      expression1
                        expression2
                          expression3
                            designator
    declaration
      functionDefinition
        parameterList
        type
        statementBlock
          statementList
            statement
              callStatement
                callExpression
                  expressionList
                    expression0
                      expression1
                        expression2
                          expression3
                            literal
>
	at crux.CompilerStageTests.lambda$parseTree$1(CompilerStageTests.java:48)
]]></failure>
  </testcase>
  <testcase name="parseTree" classname="crux.CompilerStageTests" time="0.005">
    <failure type="org.opentest4j.AssertionFailedError"><![CDATA[org.opentest4j.AssertionFailedError: 
Parse tree for program crux/stages/parse-tree/test10.crx differs from expected output. ==> expected: <program
  declarationList
    declaration
      arrayDeclaration
        type
    declaration
      functionDefinition
        parameterList
        type
        statementBlock
          statementList
            statement
              assignmentStatement
                designator
                  expression0
                    expression1
                      expression2
                        expression3
                          literal
                expression0
                  expression1
                    expression2
                      expression3
                        literal
            statement
              callStatement
                callExpression
                  expressionList
                    expression0
                      expression1
                        expression2
                          expression3
                            designator
                              expression0
                                expression1
                                  expression2
                                    expression3
                                      literal
> but was: <program
  declarationList
    declaration
      array_declaration
        type
    declaration
      functionDefinition
        parameterList
        type
        statementBlock
          statementList
            statement
              assignmentStatement
                designator
                  expression0
                    expression1
                      expression2
                        expression3
                          literal
                expression0
                  expression1
                    expression2
                      expression3
                        literal
            statement
              callStatement
                callExpression
                  expressionList
                    expression0
                      expression1
                        expression2
                          expression3
                            designator
                              expression0
                                expression1
                                  expression2
                                    expression3
                                      literal
>
	at crux.CompilerStageTests.lambda$parseTree$1(CompilerStageTests.java:48)
]]></failure>
  </testcase>
  <testcase name="parseTree" classname="crux.CompilerStageTests" time="0.005">
    <failure type="org.opentest4j.AssertionFailedError"><![CDATA[org.opentest4j.AssertionFailedError: 
Parse tree for program crux/stages/parse-tree/test11.crx differs from expected output. ==> expected: <program
  declarationList
    declaration
      functionDefinition
        parameterList
        type
        statementBlock
          statementList
            statement
              callStatement
                callExpression
                  expressionList
                    expression0
                      expression1
                        expression2
                          expression3
                            literal
            statement
              callStatement
                callExpression
                  expressionList
                    expression0
                      expression1
                        expression2
                          expression3
                            literal
            statement
              callStatement
                callExpression
                  expressionList
            statement
              callStatement
                callExpression
                  expressionList
> but was: <program
  declarationList
    declaration
      functionDefinition
        parameterList
        type
        statementBlock
          statementList
            statement
              callStatement
                callExpression
                  expressionList
                    expression0
                      expression1
                        expression2
                          expression3
                            literal
            statement
              callStatement
                callExpression
                  expressionList
                    expression0
                      expression1
                        expression2
                          expression3
                            literal
            statement
              callStatement
                callExpression
                  expressionList
            statement
              callStatement
                callExpression
                  expressionList
>
	at crux.CompilerStageTests.lambda$parseTree$1(CompilerStageTests.java:48)
]]></failure>
  </testcase>
  <testcase name="parseTree" classname="crux.CompilerStageTests" time="0.007">
    <failure type="org.opentest4j.AssertionFailedError"><![CDATA[org.opentest4j.AssertionFailedError: 
Parse tree for program crux/stages/parse-tree/test12.crx differs from expected output. ==> expected: <program
  declarationList
    declaration
      functionDefinition
        parameterList
        type
        statementBlock
          statementList
            statement
              ifStatement
                expression0
                  expression1
                    expression2
                      expression3
                        expression0
                          expression1
                            expression2
                              expression3
                                literal
                statementBlock
                  statementList
                    statement
                      callStatement
                        callExpression
                          expressionList
                            expression0
                              expression1
                                expression2
                                  expression3
                                    literal
            statement
              callStatement
                callExpression
                  expressionList
                    expression0
                      expression1
                        expression2
                          expression3
                            literal
                        op1
                        expression2
                          expression3
                            literal
> but was: <line 7:2 mismatched input '::' expecting {'and', 'or', ')', '+', '-', '*', '/', '>=', '<=', '!=', '==', '>', '<', ','}
>
	at crux.CompilerStageTests.lambda$parseTree$1(CompilerStageTests.java:48)
]]></failure>
  </testcase>
  <testcase name="parseTree" classname="crux.CompilerStageTests" time="0.005">
    <failure type="org.opentest4j.AssertionFailedError"><![CDATA[org.opentest4j.AssertionFailedError: 
Parse tree for program crux/stages/parse-tree/test13.crx differs from expected output. ==> expected: <program
  declarationList
    declaration
      functionDefinition
        parameterList
        type
        statementBlock
          statementList
            statement
              returnStatement
                expression0
                  expression1
                    expression2
                      expression3
                        callExpression
                          expressionList
    declaration
      functionDefinition
        parameterList
        type
        statementBlock
          statementList
            statement
              callStatement
                callExpression
                  expressionList
                    expression0
                      expression1
                        expression2
                          expression3
                            callExpression
                              expressionList
> but was: <program
  declarationList
    declaration
      functionDefinition
        parameterList
        type
        statementBlock
          statementList
            statement
              return_statement
                expression0
                  expression1
                    expression2
                      expression3
                        callExpression
                          expressionList
    declaration
      functionDefinition
        parameterList
        type
        statementBlock
          statementList
            statement
              callStatement
                callExpression
                  expressionList
                    expression0
                      expression1
                        expression2
                          expression3
                            callExpression
                              expressionList
>
	at crux.CompilerStageTests.lambda$parseTree$1(CompilerStageTests.java:48)
]]></failure>
  </testcase>
  <testcase name="parseTree" classname="crux.CompilerStageTests" time="0.004">
    <failure type="org.opentest4j.AssertionFailedError"><![CDATA[org.opentest4j.AssertionFailedError: 
Parse tree for program crux/stages/parse-tree/test14.crx differs from expected output. ==> expected: <program
  declarationList
    declaration
      variableDeclaration
        type
    declaration
      functionDefinition
        parameterList
        type
        statementBlock
          statementList
            statement
              assignmentStatement
                designator
                expression0
                  expression1
                    expression2
                      expression3
                        callExpression
                          expressionList
            statement
              callStatement
                callExpression
                  expressionList
                    expression0
                      expression1
                        expression2
                          expression3
                            designator
> but was: <program
  declarationList
    declaration
      variable_declaration
        type
    declaration
      functionDefinition
        parameterList
        type
        statementBlock
          statementList
            statement
              assignmentStatement
                designator
                expression0
                  expression1
                    expression2
                      expression3
                        callExpression
                          expressionList
            statement
              callStatement
                callExpression
                  expressionList
                    expression0
                      expression1
                        expression2
                          expression3
                            designator
>
	at crux.CompilerStageTests.lambda$parseTree$1(CompilerStageTests.java:48)
]]></failure>
  </testcase>
  <testcase name="parseTree" classname="crux.CompilerStageTests" time="0.004">
    <failure type="org.opentest4j.AssertionFailedError"><![CDATA[org.opentest4j.AssertionFailedError: 
Parse tree for program crux/stages/parse-tree/test15.crx differs from expected output. ==> expected: <program
  declarationList
    declaration
      functionDefinition
        parameterList
        type
        statementBlock
          statementList
            statement
              ifStatement
                expression0
                  expression1
                    expression2
                      expression3
                        expression0
                          expression1
                            expression2
                              expression3
                                literal
                statementBlock
                  statementList
                    statement
                      callStatement
                        callExpression
                          expressionList
                            expression0
                              expression1
                                expression2
                                  expression3
                                    literal
            statement
              callStatement
                callExpression
                  expressionList
                    expression0
                      expression1
                        expression2
                          expression3
                            literal
                        op1
                        expression2
                          expression3
                            literal
> but was: <line 7:2 mismatched input '::' expecting {'and', 'or', ')', '+', '-', '*', '/', '>=', '<=', '!=', '==', '>', '<', ','}
>
	at crux.CompilerStageTests.lambda$parseTree$1(CompilerStageTests.java:48)
]]></failure>
  </testcase>
  <testcase name="parseTree" classname="crux.CompilerStageTests" time="0.005">
    <failure type="org.opentest4j.AssertionFailedError"><![CDATA[org.opentest4j.AssertionFailedError: 
Parse tree for program crux/stages/parse-tree/test16.crx differs from expected output. ==> expected: <program
  declarationList
    declaration
      variableDeclaration
        type
    declaration
      functionDefinition
        parameterList
        type
        statementBlock
          statementList
            statement
              assignmentStatement
                designator
                expression0
                  expression1
                    expression2
                      expression3
                        literal
            statement
              variableDeclaration
                type
            statement
              assignmentStatement
                designator
                expression0
                  expression1
                    expression2
                      expression3
                        literal
            statement
              callStatement
                callExpression
                  expressionList
                    expression0
                      expression1
                        expression2
                          expression3
                            designator
> but was: <program
  declarationList
    declaration
      variable_declaration
        type
    declaration
      functionDefinition
        parameterList
        type
        statementBlock
          statementList
            statement
              assignmentStatement
                designator
                expression0
                  expression1
                    expression2
                      expression3
                        literal
            statement
              variable_declaration
                type
            statement
              assignmentStatement
                designator
                expression0
                  expression1
                    expression2
                      expression3
                        literal
            statement
              callStatement
                callExpression
                  expressionList
                    expression0
                      expression1
                        expression2
                          expression3
                            designator
>
	at crux.CompilerStageTests.lambda$parseTree$1(CompilerStageTests.java:48)
]]></failure>
  </testcase>
  <testcase name="parseTree" classname="crux.CompilerStageTests" time="0.005">
    <failure type="org.opentest4j.AssertionFailedError"><![CDATA[org.opentest4j.AssertionFailedError: 
Parse tree for program crux/stages/parse-tree/test17.crx differs from expected output. ==> expected: <program
  declarationList
    declaration
      variableDeclaration
        type
    declaration
      functionDefinition
        parameterList
        type
        statementBlock
          statementList
            statement
              ifStatement
                expression0
                  expression1
                    expression2
                      expression3
                        expression0
                          expression1
                            expression2
                              expression3
                                literal
                statementBlock
                  statementList
                    statement
                      ifStatement
                        expression0
                          expression1
                            expression2
                              expression3
                                expression0
                                  expression1
                                    expression2
                                      expression3
                                        literal
                        statementBlock
                          statementList
                            statement
                              whileStatement
                                expression0
                                  expression1
                                    expression2
                                      expression3
                                        expression0
                                          expression1
                                            expression2
                                              expression3
                                                literal
                                statementBlock
                                  statementList
                                    statement
                                      assignmentStatement
                                        designator
                                        expression0
                                          expression1
                                            expression2
                                              expression3
                                                literal
> but was: <line 11:2 mismatched input '}' expecting {'and', 'or', '+', '-', '*', '/', '>=', '<=', '!=', '==', '>', '<', ';'}
line 12:0 mismatched input '}' expecting {'and', 'or', '+', '-', '*', '/', '>=', '<=', '!=', '==', '>', '<', ';'}
>
	at crux.CompilerStageTests.lambda$parseTree$1(CompilerStageTests.java:48)
]]></failure>
  </testcase>
  <testcase name="parseTree" classname="crux.CompilerStageTests" time="0.005">
    <failure type="org.opentest4j.AssertionFailedError"><![CDATA[org.opentest4j.AssertionFailedError: 
Parse tree for program crux/stages/parse-tree/test18.crx differs from expected output. ==> expected: <program
  declarationList
    declaration
      functionDefinition
        parameterList
        type
        statementBlock
          statementList
            statement
              variableDeclaration
                type
            statement
              assignmentStatement
                designator
                expression0
                  expression1
                    expression2
                      expression3
                        literal
            statement
              whileStatement
                expression0
                  expression1
                    expression2
                      expression3
                        expression0
                          expression1
                            expression2
                              expression3
                                designator
                          op0
                          expression1
                            expression2
                              expression3
                                literal
                statementBlock
                  statementList
                    statement
                      callStatement
                        callExpression
                          expressionList
                            expression0
                              expression1
                                expression2
                                  expression3
                                    designator
                    statement
                      callStatement
                        callExpression
                          expressionList
                    statement
                      assignmentStatement
                        designator
                        expression0
                          expression1
                            expression2
                              expression3
                                designator
                            op1
                            expression2
                              expression3
                                literal
> but was: <program
  declarationList
    declaration
      functionDefinition
        parameterList
        type
        statementBlock
          statementList
            statement
              variable_declaration
                type
            statement
              assignmentStatement
                designator
                expression0
                  expression1
                    expression2
                      expression3
                        literal
            statement
              while_statement
                expression0
                  expression1
                    expression2
                      expression3
                        expression0
                          expression1
                            expression2
                              expression3
                                designator
                          op0
                          expression1
                            expression2
                              expression3
                                literal
                statementBlock
                  statementList
                    statement
                      callStatement
                        callExpression
                          expressionList
                            expression0
                              expression1
                                expression2
                                  expression3
                                    designator
                    statement
                      callStatement
                        callExpression
                          expressionList
                    statement
                      assignmentStatement
                        designator
                        expression0
                          expression1
                            expression2
                              expression3
                                designator
                            op1
                            expression2
                              expression3
                                literal
>
	at crux.CompilerStageTests.lambda$parseTree$1(CompilerStageTests.java:48)
]]></failure>
  </testcase>
  <testcase name="parseTree" classname="crux.CompilerStageTests" time="0.004">
    <failure type="org.opentest4j.AssertionFailedError"><![CDATA[org.opentest4j.AssertionFailedError: 
Parse tree for program crux/stages/parse-tree/test19.crx differs from expected output. ==> expected: <program
  declarationList
    declaration
      functionDefinition
        parameterList
          parameter
            type
        type
        statementBlock
          statementList
            statement
              ifStatement
                expression0
                  expression1
                    expression2
                      expression3
                        expression0
                          expression1
                            expression2
                              expression3
                                designator
                          op0
                          expression1
                            expression2
                              expression3
                                literal
                statementBlock
                  statementList
                    statement
                      callStatement
                        callExpression
                          expressionList
                            expression0
                              expression1
                                expression2
                                  expression3
                                    designator
                                op1
                                expression2
                                  expression3
                                    literal
            statement
              callStatement
                callExpression
                  expressionList
                    expression0
                      expression1
                        expression2
                          expression3
                            designator
            statement
              callStatement
                callExpression
                  expressionList
    declaration
      functionDefinition
        parameterList
        type
        statementBlock
          statementList
            statement
              callStatement
                callExpression
                  expressionList
                    expression0
                      expression1
                        expression2
                          expression3
                            literal
> but was: <line 7:2 mismatched input '::' expecting {'and', 'or', ')', '+', '-', '*', '/', '>=', '<=', '!=', '==', '>', '<', ','}
>
	at crux.CompilerStageTests.lambda$parseTree$1(CompilerStageTests.java:48)
]]></failure>
  </testcase>
  <testcase name="parseTree" classname="crux.CompilerStageTests" time="0.004">
    <failure type="org.opentest4j.AssertionFailedError"><![CDATA[org.opentest4j.AssertionFailedError: 
Parse tree for program crux/stages/parse-tree/test20.crx differs from expected output. ==> expected: <program
  declarationList
    declaration
      variableDeclaration
        type
    declaration
      functionDefinition
        parameterList
        type
        statementBlock
          statementList
            statement
              variableDeclaration
                type
            statement
              variableDeclaration
                type
            statement
              assignmentStatement
                designator
                expression0
                  expression1
                    expression2
                      expression3
                        literal
            statement
              assignmentStatement
                designator
                expression0
                  expression1
                    expression2
                      expression3
                        literal
            statement
              assignmentStatement
                designator
                expression0
                  expression1
                    expression2
                      expression3
                        designator
                    op1
                    expression2
                      expression3
                        designator
> but was: <program
  declarationList
    declaration
      variable_declaration
        type
    declaration
      functionDefinition
        parameterList
        type
        statementBlock
          statementList
            statement
              variable_declaration
                type
            statement
              variable_declaration
                type
            statement
              assignmentStatement
                designator
                expression0
                  expression1
                    expression2
                      expression3
                        literal
            statement
              assignmentStatement
                designator
                expression0
                  expression1
                    expression2
                      expression3
                        literal
            statement
              assignmentStatement
                designator
                expression0
                  expression1
                    expression2
                      expression3
                        designator
                    op1
                    expression2
                      expression3
                        designator
>
	at crux.CompilerStageTests.lambda$parseTree$1(CompilerStageTests.java:48)
]]></failure>
  </testcase>
  <testcase name="parseTree" classname="crux.CompilerStageTests" time="0.004">
    <failure type="org.opentest4j.AssertionFailedError"><![CDATA[org.opentest4j.AssertionFailedError: 
Parse tree for program crux/stages/parse-tree/test21.crx differs from expected output. ==> expected: <program
  declarationList
    declaration
      functionDefinition
        parameterList
        type
        statementBlock
          statementList
            statement
              callStatement
                callExpression
                  expressionList
                    expression0
                      expression1
                        expression2
                          expression3
                            literal
            statement
              callStatement
                callExpression
                  expressionList
                    expression0
                      expression1
                        expression2
                          expression3
                            literal
            statement
              callStatement
                callExpression
                  expressionList
                    expression0
                      expression1
                        expression2
                          expression3
                            literal
            statement
              callStatement
                callExpression
                  expressionList
                    expression0
                      expression1
                        expression2
                          expression3
                            literal
            statement
              callStatement
                callExpression
                  expressionList
                    expression0
                      expression1
                        expression2
                          expression3
                            literal
            statement
              callStatement
                callExpression
                  expressionList
> but was: <program
  declarationList
    declaration
      functionDefinition
        parameterList
        type
        statementBlock
          statementList
            statement
              callStatement
                callExpression
                  expressionList
                    expression0
                      expression1
                        expression2
                          expression3
                            literal
            statement
              callStatement
                callExpression
                  expressionList
                    expression0
                      expression1
                        expression2
                          expression3
                            literal
            statement
              callStatement
                callExpression
                  expressionList
                    expression0
                      expression1
                        expression2
                          expression3
                            literal
            statement
              callStatement
                callExpression
                  expressionList
                    expression0
                      expression1
                        expression2
                          expression3
                            literal
            statement
              callStatement
                callExpression
                  expressionList
                    expression0
                      expression1
                        expression2
                          expression3
                            literal
            statement
              callStatement
                callExpression
                  expressionList
>
	at crux.CompilerStageTests.lambda$parseTree$1(CompilerStageTests.java:48)
]]></failure>
  </testcase>
  <testcase name="parseTree" classname="crux.CompilerStageTests" time="0.004">
    <failure type="org.opentest4j.AssertionFailedError"><![CDATA[org.opentest4j.AssertionFailedError: 
Parse tree for program crux/stages/parse-tree/test22.crx differs from expected output. ==> expected: <program
  declarationList
    declaration
      arrayDeclaration
        type
    declaration
      arrayDeclaration
        type
    declaration
      functionDefinition
        parameterList
        type
        statementBlock
          statementList
            statement
              assignmentStatement
                designator
                  expression0
                    expression1
                      expression2
                        expression3
                          literal
                expression0
                  expression1
                    expression2
                      expression3
                        literal
            statement
              assignmentStatement
                designator
                  expression0
                    expression1
                      expression2
                        expression3
                          literal
                      op1
                      expression2
                        expression3
                          literal
                expression0
                  expression1
                    expression2
                      expression3
                        literal
            statement
              callStatement
                callExpression
                  expressionList
                    expression0
                      expression1
                        expression2
                          expression3
                            designator
                              expression0
                                expression1
                                  expression2
                                    expression3
                                      literal
> but was: <program
  declarationList
    declaration
      array_declaration
        type
    declaration
      array_declaration
        type
    declaration
      functionDefinition
        parameterList
        type
        statementBlock
          statementList
            statement
              assignmentStatement
                designator
                  expression0
                    expression1
                      expression2
                        expression3
                          literal
                expression0
                  expression1
                    expression2
                      expression3
                        literal
            statement
              assignmentStatement
                designator
                  expression0
                    expression1
                      expression2
                        expression3
                          literal
                      op1
                      expression2
                        expression3
                          literal
                expression0
                  expression1
                    expression2
                      expression3
                        literal
            statement
              callStatement
                callExpression
                  expressionList
                    expression0
                      expression1
                        expression2
                          expression3
                            designator
                              expression0
                                expression1
                                  expression2
                                    expression3
                                      literal
>
	at crux.CompilerStageTests.lambda$parseTree$1(CompilerStageTests.java:48)
]]></failure>
  </testcase>
  <testcase name="parseTree" classname="crux.CompilerStageTests" time="0.004">
    <failure type="org.opentest4j.AssertionFailedError"><![CDATA[org.opentest4j.AssertionFailedError: 
Parse tree for program crux/stages/parse-tree/test23.crx differs from expected output. ==> expected: <program
  declarationList
    declaration
      variableDeclaration
        type
    declaration
      variableDeclaration
        type
    declaration
      arrayDeclaration
        type
    declaration
      functionDefinition
        parameterList
        type
        statementBlock
          statementList
            statement
              assignmentStatement
                designator
                expression0
                  expression1
                    expression2
                      expression3
                        literal
            statement
              assignmentStatement
                designator
                expression0
                  expression1
                    expression2
                      expression3
                        literal
            statement
              assignmentStatement
                designator
                  expression0
                    expression1
                      expression2
                        expression3
                          literal
                expression0
                  expression1
                    expression2
                      expression3
                        literal
> but was: <program
  declarationList
    declaration
      variable_declaration
        type
    declaration
      variable_declaration
        type
    declaration
      array_declaration
        type
    declaration
      functionDefinition
        parameterList
        type
        statementBlock
          statementList
            statement
              assignmentStatement
                designator
                expression0
                  expression1
                    expression2
                      expression3
                        literal
            statement
              assignmentStatement
                designator
                expression0
                  expression1
                    expression2
                      expression3
                        literal
            statement
              assignmentStatement
                designator
                  expression0
                    expression1
                      expression2
                        expression3
                          literal
                expression0
                  expression1
                    expression2
                      expression3
                        literal
>
	at crux.CompilerStageTests.lambda$parseTree$1(CompilerStageTests.java:48)
]]></failure>
  </testcase>
  <testcase name="parseTree" classname="crux.CompilerStageTests" time="0.004">
    <failure type="org.opentest4j.AssertionFailedError"><![CDATA[org.opentest4j.AssertionFailedError: 
Parse tree for program crux/stages/parse-tree/test24.crx differs from expected output. ==> expected: <program
  declarationList
    declaration
      arrayDeclaration
        type
    declaration
      arrayDeclaration
        type
    declaration
      functionDefinition
        parameterList
        type
        statementBlock
          statementList
            statement
              assignmentStatement
                designator
                  expression0
                    expression1
                      expression2
                        expression3
                          literal
                expression0
                  expression1
                    expression2
                      expression3
                        literal
            statement
              assignmentStatement
                designator
                  expression0
                    expression1
                      expression2
                        expression3
                          designator
                            expression0
                              expression1
                                expression2
                                  expression3
                                    literal
                expression0
                  expression1
                    expression2
                      expression3
                        literal
            statement
              callStatement
                callExpression
                  expressionList
                    expression0
                      expression1
                        expression2
                          expression3
                            designator
                              expression0
                                expression1
                                  expression2
                                    expression3
                                      literal
> but was: <program
  declarationList
    declaration
      array_declaration
        type
    declaration
      array_declaration
        type
    declaration
      functionDefinition
        parameterList
        type
        statementBlock
          statementList
            statement
              assignmentStatement
                designator
                  expression0
                    expression1
                      expression2
                        expression3
                          literal
                expression0
                  expression1
                    expression2
                      expression3
                        literal
            statement
              assignmentStatement
                designator
                  expression0
                    expression1
                      expression2
                        expression3
                          designator
                            expression0
                              expression1
                                expression2
                                  expression3
                                    literal
                expression0
                  expression1
                    expression2
                      expression3
                        literal
            statement
              callStatement
                callExpression
                  expressionList
                    expression0
                      expression1
                        expression2
                          expression3
                            designator
                              expression0
                                expression1
                                  expression2
                                    expression3
                                      literal
>
	at crux.CompilerStageTests.lambda$parseTree$1(CompilerStageTests.java:48)
]]></failure>
  </testcase>
  <testcase name="parseTree" classname="crux.CompilerStageTests" time="0.004">
    <failure type="org.opentest4j.AssertionFailedError"><![CDATA[org.opentest4j.AssertionFailedError: 
Parse tree for program crux/stages/parse-tree/test25.crx differs from expected output. ==> expected: <program
  declarationList
    declaration
      functionDefinition
        parameterList
        type
        statementBlock
          statementList
            statement
              ifStatement
                expression0
                  expression1
                    expression2
                      expression3
                        expression0
                          expression1
                            expression2
                              expression3
                                literal
                statementBlock
                  statementList
                    statement
                      callStatement
                        callExpression
                          expressionList
                            expression0
                              expression1
                                expression2
                                  expression3
                                    literal
                statementBlock
                  statementList
                    statement
                      callStatement
                        callExpression
                          expressionList
                            expression0
                              expression1
                                expression2
                                  expression3
                                    literal
            statement
              callStatement
                callExpression
                  expressionList
                    expression0
                      expression1
                        expression2
                          expression3
                            literal
                        op1
                        expression2
                          expression3
                            literal
> but was: <program
  declarationList
    declaration
      functionDefinition
        parameterList
        type
        statementBlock
          statementList
            statement
              if_statement
                expression0
                  expression1
                    expression2
                      expression3
                        expression0
                          expression1
                            expression2
                              expression3
                                literal
                statementBlock
                  statementList
                    statement
                      callStatement
                        callExpression
                          expressionList
                            expression0
                              expression1
                                expression2
                                  expression3
                                    literal
                statementBlock
                  statementList
                    statement
                      callStatement
                        callExpression
                          expressionList
                            expression0
                              expression1
                                expression2
                                  expression3
                                    literal
            statement
              callStatement
                callExpression
                  expressionList
                    expression0
                      expression1
                        expression2
                          expression3
                            literal
                        op1
                        expression2
                          expression3
                            literal
>
	at crux.CompilerStageTests.lambda$parseTree$1(CompilerStageTests.java:48)
]]></failure>
  </testcase>
  <testcase name="parseTree" classname="crux.CompilerStageTests" time="0.004">
    <failure type="org.opentest4j.AssertionFailedError"><![CDATA[org.opentest4j.AssertionFailedError: 
Parse tree for program crux/stages/parse-tree/test26.crx differs from expected output. ==> expected: <program
  declarationList
    declaration
      variableDeclaration
        type
    declaration
      functionDefinition
        parameterList
        type
        statementBlock
          statementList
            statement
              assignmentStatement
                designator
                expression0
                  expression1
                    expression2
                      expression3
                        literal
            statement
              whileStatement
                expression0
                  expression1
                    expression2
                      expression3
                        expression0
                          expression1
                            expression2
                              expression3
                                designator
                          op0
                          expression1
                            expression2
                              expression3
                                literal
                statementBlock
                  statementList
                    statement
                      callStatement
                        callExpression
                          expressionList
                            expression0
                              expression1
                                expression2
                                  expression3
                                    designator
                    statement
                      callStatement
                        callExpression
                          expressionList
                    statement
                      assignmentStatement
                        designator
                        expression0
                          expression1
                            expression2
                              expression3
                                designator
                            op1
                            expression2
                              expression3
                                literal
            statement
              callStatement
                callExpression
                  expressionList
                    expression0
                      expression1
                        expression2
                          expression3
                            literal
                        op1
                        expression2
                          expression3
                            literal
            statement
              callStatement
                callExpression
                  expressionList
                    expression0
                      expression1
                        expression2
                          expression3
                            designator
> but was: <program
  declarationList
    declaration
      variable_declaration
        type
    declaration
      functionDefinition
        parameterList
        type
        statementBlock
          statementList
            statement
              assignmentStatement
                designator
                expression0
                  expression1
                    expression2
                      expression3
                        literal
            statement
              while_statement
                expression0
                  expression1
                    expression2
                      expression3
                        expression0
                          expression1
                            expression2
                              expression3
                                designator
                          op0
                          expression1
                            expression2
                              expression3
                                literal
                statementBlock
                  statementList
                    statement
                      callStatement
                        callExpression
                          expressionList
                            expression0
                              expression1
                                expression2
                                  expression3
                                    designator
                    statement
                      callStatement
                        callExpression
                          expressionList
                    statement
                      assignmentStatement
                        designator
                        expression0
                          expression1
                            expression2
                              expression3
                                designator
                            op1
                            expression2
                              expression3
                                literal
            statement
              callStatement
                callExpression
                  expressionList
                    expression0
                      expression1
                        expression2
                          expression3
                            literal
                        op1
                        expression2
                          expression3
                            literal
            statement
              callStatement
                callExpression
                  expressionList
                    expression0
                      expression1
                        expression2
                          expression3
                            designator
>
	at crux.CompilerStageTests.lambda$parseTree$1(CompilerStageTests.java:48)
]]></failure>
  </testcase>
  <testcase name="parseTree" classname="crux.CompilerStageTests" time="0.004">
    <failure type="org.opentest4j.AssertionFailedError"><![CDATA[org.opentest4j.AssertionFailedError: 
Parse tree for program crux/stages/parse-tree/test27.crx differs from expected output. ==> expected: <program
  declarationList
    declaration
      functionDefinition
        parameterList
          parameter
            type
        type
        statementBlock
          statementList
            statement
              ifStatement
                expression0
                  expression1
                    expression2
                      expression3
                        expression0
                          expression1
                            expression2
                              expression3
                                designator
                          op0
                          expression1
                            expression2
                              expression3
                                literal
                statementBlock
                  statementList
                    statement
                      returnStatement
                        expression0
                          expression1
                            expression2
                              expression3
                                literal
            statement
              returnStatement
                expression0
                  expression1
                    expression2
                      expression3
                        callExpression
                          expressionList
                            expression0
                              expression1
                                expression2
                                  expression3
                                    designator
                                op1
                                expression2
                                  expression3
                                    literal
                    op1
                    expression2
                      expression3
                        callExpression
                          expressionList
                            expression0
                              expression1
                                expression2
                                  expression3
                                    designator
                                op1
                                expression2
                                  expression3
                                    literal
    declaration
      functionDefinition
        parameterList
        type
        statementBlock
          statementList
            statement
              callStatement
                callExpression
                  expressionList
                    expression0
                      expression1
                        expression2
                          expression3
                            callExpression
                              expressionList
                                expression0
                                  expression1
                                    expression2
                                      expression3
                                        literal
> but was: <line 5:2 mismatched input 'return' expecting {'and', 'or', '+', '-', '*', '/', '>=', '<=', '!=', '==', '>', '<', ';'}
>
	at crux.CompilerStageTests.lambda$parseTree$1(CompilerStageTests.java:48)
]]></failure>
  </testcase>
  <testcase name="parseTree" classname="crux.CompilerStageTests" time="0.004">
    <failure type="org.opentest4j.AssertionFailedError"><![CDATA[org.opentest4j.AssertionFailedError: 
Parse tree for program crux/stages/parse-tree/test28.crx differs from expected output. ==> expected: <program
  declarationList
    declaration
      functionDefinition
        parameterList
          parameter
            type
        type
        statementBlock
          statementList
            statement
              callStatement
                callExpression
                  expressionList
                    expression0
                      expression1
                        expression2
                          expression3
                            designator
            statement
              returnStatement
                expression0
                  expression1
                    expression2
                      expression3
                        designator
    declaration
      functionDefinition
        parameterList
        type
        statementBlock
          statementList
            statement
              callStatement
                callExpression
                  expressionList
                    expression0
                      expression1
                        expression2
                          expression3
                            literal
            statement
              callStatement
                callExpression
                  expressionList
                    expression0
                      expression1
                        expression2
                          expression3
                            literal
            statement
              callStatement
                callExpression
                  expressionList
                    expression0
                      expression1
                        expression2
                          expression3
                            literal
    declaration
      functionDefinition
        parameterList
        type
        statementBlock
          statementList
            statement
              callStatement
                callExpression
                  expressionList
> but was: <program
  declarationList
    declaration
      functionDefinition
        parameterList
          parameter
            type
        type
        statementBlock
          statementList
            statement
              callStatement
                callExpression
                  expressionList
                    expression0
                      expression1
                        expression2
                          expression3
                            designator
            statement
              return_statement
                expression0
                  expression1
                    expression2
                      expression3
                        designator
    declaration
      functionDefinition
        parameterList
        type
        statementBlock
          statementList
            statement
              callStatement
                callExpression
                  expressionList
                    expression0
                      expression1
                        expression2
                          expression3
                            literal
            statement
              callStatement
                callExpression
                  expressionList
                    expression0
                      expression1
                        expression2
                          expression3
                            literal
            statement
              callStatement
                callExpression
                  expressionList
                    expression0
                      expression1
                        expression2
                          expression3
                            literal
    declaration
      functionDefinition
        parameterList
        type
        statementBlock
          statementList
            statement
              callStatement
                callExpression
                  expressionList
>
	at crux.CompilerStageTests.lambda$parseTree$1(CompilerStageTests.java:48)
]]></failure>
  </testcase>
  <testcase name="parseTree" classname="crux.CompilerStageTests" time="0.005">
    <failure type="org.opentest4j.AssertionFailedError"><![CDATA[org.opentest4j.AssertionFailedError: 
Parse tree for program crux/stages/parse-tree/test29.crx differs from expected output. ==> expected: <program
  declarationList
    declaration
      functionDefinition
        parameterList
          parameter
            type
          parameter
            type
        type
        statementBlock
          statementList
            statement
              returnStatement
                expression0
                  expression1
                    expression2
                      expression3
                        designator
                  op0
                  expression1
                    expression2
                      expression3
                        designator
    declaration
      functionDefinition
        parameterList
        type
        statementBlock
          statementList
            statement
              callStatement
                callExpression
                  expressionList
                    expression0
                      expression1
                        expression2
                          expression3
                            callExpression
                              expressionList
                                expression0
                                  expression1
                                    expression2
                                      expression3
                                        literal
                                expression0
                                  expression1
                                    expression2
                                      expression3
                                        literal
            statement
              callStatement
                callExpression
                  expressionList
            statement
              callStatement
                callExpression
                  expressionList
                    expression0
                      expression1
                        expression2
                          expression3
                            callExpression
                              expressionList
                                expression0
                                  expression1
                                    expression2
                                      expression3
                                        literal
                                expression0
                                  expression1
                                    expression2
                                      expression3
                                        literal
            statement
              callStatement
                callExpression
                  expressionList
            statement
              callStatement
                callExpression
                  expressionList
                    expression0
                      expression1
                        expression2
                          expression3
                            callExpression
                              expressionList
                                expression0
                                  expression1
                                    expression2
                                      expression3
                                        literal
                                expression0
                                  expression1
                                    expression2
                                      expression3
                                        literal
> but was: <program
  declarationList
    declaration
      functionDefinition
        parameterList
          parameter
            type
          parameter
            type
        type
        statementBlock
          statementList
            statement
              return_statement
                expression0
                  expression1
                    expression2
                      expression3
                        designator
                  op0
                  expression1
                    expression2
                      expression3
                        designator
    declaration
      functionDefinition
        parameterList
        type
        statementBlock
          statementList
            statement
              callStatement
                callExpression
                  expressionList
                    expression0
                      expression1
                        expression2
                          expression3
                            callExpression
                              expressionList
                                expression0
                                  expression1
                                    expression2
                                      expression3
                                        literal
                                expression0
                                  expression1
                                    expression2
                                      expression3
                                        literal
            statement
              callStatement
                callExpression
                  expressionList
            statement
              callStatement
                callExpression
                  expressionList
                    expression0
                      expression1
                        expression2
                          expression3
                            callExpression
                              expressionList
                                expression0
                                  expression1
                                    expression2
                                      expression3
                                        literal
                                expression0
                                  expression1
                                    expression2
                                      expression3
                                        literal
            statement
              callStatement
                callExpression
                  expressionList
            statement
              callStatement
                callExpression
                  expressionList
                    expression0
                      expression1
                        expression2
                          expression3
                            callExpression
                              expressionList
                                expression0
                                  expression1
                                    expression2
                                      expression3
                                        literal
                                expression0
                                  expression1
                                    expression2
                                      expression3
                                        literal
>
	at crux.CompilerStageTests.lambda$parseTree$1(CompilerStageTests.java:48)
]]></failure>
  </testcase>
  <testcase name="parseTree" classname="crux.CompilerStageTests" time="0.005">
    <failure type="org.opentest4j.AssertionFailedError"><![CDATA[org.opentest4j.AssertionFailedError: 
Parse tree for program crux/stages/parse-tree/test30.crx differs from expected output. ==> expected: <program
  declarationList
    declaration
      variableDeclaration
        type
    declaration
      arrayDeclaration
        type
    declaration
      variableDeclaration
        type
    declaration
      functionDefinition
        parameterList
        type
        statementBlock
          statementList
            statement
              assignmentStatement
                designator
                expression0
                  expression1
                    expression2
                      expression3
                        literal
            statement
              assignmentStatement
                designator
                expression0
                  expression1
                    expression2
                      expression3
                        literal
            statement
              assignmentStatement
                designator
                  expression0
                    expression1
                      expression2
                        expression3
                          literal
                expression0
                  expression1
                    expression2
                      expression3
                        literal
            statement
              assignmentStatement
                designator
                  expression0
                    expression1
                      expression2
                        expression3
                          literal
                expression0
                  expression1
                    expression2
                      expression3
                        literal
            statement
              assignmentStatement
                designator
                  expression0
                    expression1
                      expression2
                        expression3
                          literal
                expression0
                  expression1
                    expression2
                      expression3
                        literal
            statement
              callStatement
                callExpression
                  expressionList
                    expression0
                      expression1
                        expression2
                          expression3
                            designator
            statement
              callStatement
                callExpression
                  expressionList
                    expression0
                      expression1
                        expression2
                          expression3
                            designator
                              expression0
                                expression1
                                  expression2
                                    expression3
                                      literal
            statement
              callStatement
                callExpression
                  expressionList
                    expression0
                      expression1
                        expression2
                          expression3
                            designator
                              expression0
                                expression1
                                  expression2
                                    expression3
                                      literal
            statement
              callStatement
                callExpression
                  expressionList
                    expression0
                      expression1
                        expression2
                          expression3
                            designator
                              expression0
                                expression1
                                  expression2
                                    expression3
                                      literal
            statement
              callStatement
                callExpression
                  expressionList
                    expression0
                      expression1
                        expression2
                          expression3
                            designator
> but was: <program
  declarationList
    declaration
      variable_declaration
        type
    declaration
      array_declaration
        type
    declaration
      variable_declaration
        type
    declaration
      functionDefinition
        parameterList
        type
        statementBlock
          statementList
            statement
              assignmentStatement
                designator
                expression0
                  expression1
                    expression2
                      expression3
                        literal
            statement
              assignmentStatement
                designator
                expression0
                  expression1
                    expression2
                      expression3
                        literal
            statement
              assignmentStatement
                designator
                  expression0
                    expression1
                      expression2
                        expression3
                          literal
                expression0
                  expression1
                    expression2
                      expression3
                        literal
            statement
              assignmentStatement
                designator
                  expression0
                    expression1
                      expression2
                        expression3
                          literal
                expression0
                  expression1
                    expression2
                      expression3
                        literal
            statement
              assignmentStatement
                designator
                  expression0
                    expression1
                      expression2
                        expression3
                          literal
                expression0
                  expression1
                    expression2
                      expression3
                        literal
            statement
              callStatement
                callExpression
                  expressionList
                    expression0
                      expression1
                        expression2
                          expression3
                            designator
            statement
              callStatement
                callExpression
                  expressionList
                    expression0
                      expression1
                        expression2
                          expression3
                            designator
                              expression0
                                expression1
                                  expression2
                                    expression3
                                      literal
            statement
              callStatement
                callExpression
                  expressionList
                    expression0
                      expression1
                        expression2
                          expression3
                            designator
                              expression0
                                expression1
                                  expression2
                                    expression3
                                      literal
            statement
              callStatement
                callExpression
                  expressionList
                    expression0
                      expression1
                        expression2
                          expression3
                            designator
                              expression0
                                expression1
                                  expression2
                                    expression3
                                      literal
            statement
              callStatement
                callExpression
                  expressionList
                    expression0
                      expression1
                        expression2
                          expression3
                            designator
>
	at crux.CompilerStageTests.lambda$parseTree$1(CompilerStageTests.java:48)
]]></failure>
  </testcase>
  <testcase name="parseTree" classname="crux.CompilerStageTests" time="0.007">
    <failure type="org.opentest4j.AssertionFailedError"><![CDATA[org.opentest4j.AssertionFailedError: 
Parse tree for program crux/stages/parse-tree/test31.crx differs from expected output. ==> expected: <program
  declarationList
    declaration
      variableDeclaration
        type
    declaration
      functionDefinition
        parameterList
          parameter
            type
        type
        statementBlock
          statementList
            statement
              assignmentStatement
                designator
                expression0
                  expression1
                    expression2
                      expression3
                        literal
            statement
              callStatement
                callExpression
                  expressionList
                    expression0
                      expression1
                        expression2
                          expression3
                            designator
            statement
              callStatement
                callExpression
                  expressionList
    declaration
      functionDefinition
        parameterList
        type
        statementBlock
          statementList
            statement
              variableDeclaration
                type
            statement
              assignmentStatement
                designator
                expression0
                  expression1
                    expression2
                      expression3
                        literal
            statement
              callStatement
                callExpression
                  expressionList
                    expression0
                      expression1
                        expression2
                          expression3
                            designator
            statement
              callStatement
                callExpression
                  expressionList
    declaration
      functionDefinition
        parameterList
        type
        statementBlock
          statementList
            statement
              assignmentStatement
                designator
                expression0
                  expression1
                    expression2
                      expression3
                        literal
            statement
              callStatement
                callExpression
                  expressionList
                    expression0
                      expression1
                        expression2
                          expression3
                            designator
            statement
              callStatement
                callExpression
                  expressionList
            statement
              callStatement
                callExpression
                  expressionList
                    expression0
                      expression1
                        expression2
                          expression3
                            literal
            statement
              callStatement
                callExpression
                  expressionList
                    expression0
                      expression1
                        expression2
                          expression3
                            designator
            statement
              callStatement
                callExpression
                  expressionList
            statement
              callStatement
                callExpression
                  expressionList
            statement
              callStatement
                callExpression
                  expressionList
                    expression0
                      expression1
                        expression2
                          expression3
                            designator
            statement
              callStatement
                callExpression
                  expressionList
> but was: <program
  declarationList
    declaration
      variable_declaration
        type
    declaration
      functionDefinition
        parameterList
          parameter
            type
        type
        statementBlock
          statementList
            statement
              assignmentStatement
                designator
                expression0
                  expression1
                    expression2
                      expression3
                        literal
            statement
              callStatement
                callExpression
                  expressionList
                    expression0
                      expression1
                        expression2
                          expression3
                            designator
            statement
              callStatement
                callExpression
                  expressionList
    declaration
      functionDefinition
        parameterList
        type
        statementBlock
          statementList
            statement
              variable_declaration
                type
            statement
              assignmentStatement
                designator
                expression0
                  expression1
                    expression2
                      expression3
                        literal
            statement
              callStatement
                callExpression
                  expressionList
                    expression0
                      expression1
                        expression2
                          expression3
                            designator
            statement
              callStatement
                callExpression
                  expressionList
    declaration
      functionDefinition
        parameterList
        type
        statementBlock
          statementList
            statement
              assignmentStatement
                designator
                expression0
                  expression1
                    expression2
                      expression3
                        literal
            statement
              callStatement
                callExpression
                  expressionList
                    expression0
                      expression1
                        expression2
                          expression3
                            designator
            statement
              callStatement
                callExpression
                  expressionList
            statement
              callStatement
                callExpression
                  expressionList
                    expression0
                      expression1
                        expression2
                          expression3
                            literal
            statement
              callStatement
                callExpression
                  expressionList
                    expression0
                      expression1
                        expression2
                          expression3
                            designator
            statement
              callStatement
                callExpression
                  expressionList
            statement
              callStatement
                callExpression
                  expressionList
            statement
              callStatement
                callExpression
                  expressionList
                    expression0
                      expression1
                        expression2
                          expression3
                            designator
            statement
              callStatement
                callExpression
                  expressionList
>
	at crux.CompilerStageTests.lambda$parseTree$1(CompilerStageTests.java:48)
]]></failure>
  </testcase>
  <testcase name="parseTree" classname="crux.CompilerStageTests" time="0.006">
    <failure type="org.opentest4j.AssertionFailedError"><![CDATA[org.opentest4j.AssertionFailedError: 
Parse tree for program crux/stages/parse-tree/test32.crx differs from expected output. ==> expected: <program
  declarationList
    declaration
      functionDefinition
        parameterList
        type
        statementBlock
          statementList
            statement
              callStatement
                callExpression
                  expressionList
                    expression0
                      expression1
                        expression2
                          expression3
                            literal
            statement
              callStatement
                callExpression
                  expressionList
            statement
              returnStatement
                expression0
                  expression1
                    expression2
                      expression3
                        literal
    declaration
      functionDefinition
        parameterList
        type
        statementBlock
          statementList
            statement
              callStatement
                callExpression
                  expressionList
                    expression0
                      expression1
                        expression2
                          expression3
                            literal
            statement
              callStatement
                callExpression
                  expressionList
            statement
              returnStatement
                expression0
                  expression1
                    expression2
                      expression3
                        literal
    declaration
      functionDefinition
        parameterList
        type
        statementBlock
          statementList
            statement
              callStatement
                callExpression
                  expressionList
                    expression0
                      expression1
                        expression2
                          expression3
                            callExpression
                              expressionList
                        op1
                        expression2
                          expression3
                            callExpression
                              expressionList
            statement
              callStatement
                callExpression
                  expressionList
            statement
              callStatement
                callExpression
                  expressionList
                    expression0
                      expression1
                        expression2
                          expression3
                            callExpression
                              expressionList
                        op1
                        expression2
                          expression3
                            callExpression
                              expressionList
            statement
              callStatement
                callExpression
                  expressionList
            statement
              callStatement
                callExpression
                  expressionList
                    expression0
                      expression1
                        expression2
                          expression3
                            callExpression
                              expressionList
                        op1
                        expression2
                          expression3
                            callExpression
                              expressionList
            statement
              callStatement
                callExpression
                  expressionList
            statement
              callStatement
                callExpression
                  expressionList
                    expression0
                      expression1
                        expression2
                          expression3
                            callExpression
                              expressionList
                        op1
                        expression2
                          expression3
                            callExpression
                              expressionList
            statement
              callStatement
                callExpression
                  expressionList
> but was: <program
  declarationList
    declaration
      functionDefinition
        parameterList
        type
        statementBlock
          statementList
            statement
              callStatement
                callExpression
                  expressionList
                    expression0
                      expression1
                        expression2
                          expression3
                            literal
            statement
              callStatement
                callExpression
                  expressionList
            statement
              return_statement
                expression0
                  expression1
                    expression2
                      expression3
                        literal
    declaration
      functionDefinition
        parameterList
        type
        statementBlock
          statementList
            statement
              callStatement
                callExpression
                  expressionList
                    expression0
                      expression1
                        expression2
                          expression3
                            literal
            statement
              callStatement
                callExpression
                  expressionList
            statement
              return_statement
                expression0
                  expression1
                    expression2
                      expression3
                        literal
    declaration
      functionDefinition
        parameterList
        type
        statementBlock
          statementList
            statement
              callStatement
                callExpression
                  expressionList
                    expression0
                      expression1
                        expression2
                          expression3
                            callExpression
                              expressionList
                        op1
                        expression2
                          expression3
                            callExpression
                              expressionList
            statement
              callStatement
                callExpression
                  expressionList
            statement
              callStatement
                callExpression
                  expressionList
                    expression0
                      expression1
                        expression2
                          expression3
                            callExpression
                              expressionList
                        op1
                        expression2
                          expression3
                            callExpression
                              expressionList
            statement
              callStatement
                callExpression
                  expressionList
            statement
              callStatement
                callExpression
                  expressionList
                    expression0
                      expression1
                        expression2
                          expression3
                            callExpression
                              expressionList
                        op1
                        expression2
                          expression3
                            callExpression
                              expressionList
            statement
              callStatement
                callExpression
                  expressionList
            statement
              callStatement
                callExpression
                  expressionList
                    expression0
                      expression1
                        expression2
                          expression3
                            callExpression
                              expressionList
                        op1
                        expression2
                          expression3
                            callExpression
                              expressionList
            statement
              callStatement
                callExpression
                  expressionList
>
	at crux.CompilerStageTests.lambda$parseTree$1(CompilerStageTests.java:48)
]]></failure>
  </testcase>
  <testcase name="parseTree" classname="crux.CompilerStageTests" time="0.006">
    <failure type="org.opentest4j.AssertionFailedError"><![CDATA[org.opentest4j.AssertionFailedError: 
Parse tree for program crux/stages/parse-tree/test33.crx differs from expected output. ==> expected: <program
  declarationList
    declaration
      functionDefinition
        parameterList
        type
        statementBlock
          statementList
            statement
              callStatement
                callExpression
                  expressionList
                    expression0
                      expression1
                        expression2
                          expression3
                            literal
            statement
              callStatement
                callExpression
                  expressionList
            statement
              returnStatement
                expression0
                  expression1
                    expression2
                      expression3
                        literal
    declaration
      functionDefinition
        parameterList
        type
        statementBlock
          statementList
            statement
              callStatement
                callExpression
                  expressionList
                    expression0
                      expression1
                        expression2
                          expression3
                            literal
            statement
              callStatement
                callExpression
                  expressionList
            statement
              returnStatement
                expression0
                  expression1
                    expression2
                      expression3
                        literal
    declaration
      functionDefinition
        parameterList
        type
        statementBlock
          statementList
            statement
              callStatement
                callExpression
                  expressionList
                    expression0
                      expression1
                        expression2
                          expression3
                            callExpression
                              expressionList
                          op2
                          expression3
                            callExpression
                              expressionList
            statement
              callStatement
                callExpression
                  expressionList
            statement
              callStatement
                callExpression
                  expressionList
                    expression0
                      expression1
                        expression2
                          expression3
                            callExpression
                              expressionList
                          op2
                          expression3
                            callExpression
                              expressionList
            statement
              callStatement
                callExpression
                  expressionList
            statement
              callStatement
                callExpression
                  expressionList
                    expression0
                      expression1
                        expression2
                          expression3
                            callExpression
                              expressionList
                          op2
                          expression3
                            callExpression
                              expressionList
            statement
              callStatement
                callExpression
                  expressionList
            statement
              callStatement
                callExpression
                  expressionList
                    expression0
                      expression1
                        expression2
                          expression3
                            callExpression
                              expressionList
                          op2
                          expression3
                            callExpression
                              expressionList
            statement
              callStatement
                callExpression
                  expressionList
> but was: <program
  declarationList
    declaration
      functionDefinition
        parameterList
        type
        statementBlock
          statementList
            statement
              callStatement
                callExpression
                  expressionList
                    expression0
                      expression1
                        expression2
                          expression3
                            literal
            statement
              callStatement
                callExpression
                  expressionList
            statement
              return_statement
                expression0
                  expression1
                    expression2
                      expression3
                        literal
    declaration
      functionDefinition
        parameterList
        type
        statementBlock
          statementList
            statement
              callStatement
                callExpression
                  expressionList
                    expression0
                      expression1
                        expression2
                          expression3
                            literal
            statement
              callStatement
                callExpression
                  expressionList
            statement
              return_statement
                expression0
                  expression1
                    expression2
                      expression3
                        literal
    declaration
      functionDefinition
        parameterList
        type
        statementBlock
          statementList
            statement
              callStatement
                callExpression
                  expressionList
                    expression0
                      expression1
                        expression2
                          expression3
                            callExpression
                              expressionList
                          op2
                          expression3
                            callExpression
                              expressionList
            statement
              callStatement
                callExpression
                  expressionList
            statement
              callStatement
                callExpression
                  expressionList
                    expression0
                      expression1
                        expression2
                          expression3
                            callExpression
                              expressionList
                          op2
                          expression3
                            callExpression
                              expressionList
            statement
              callStatement
                callExpression
                  expressionList
            statement
              callStatement
                callExpression
                  expressionList
                    expression0
                      expression1
                        expression2
                          expression3
                            callExpression
                              expressionList
                          op2
                          expression3
                            callExpression
                              expressionList
            statement
              callStatement
                callExpression
                  expressionList
            statement
              callStatement
                callExpression
                  expressionList
                    expression0
                      expression1
                        expression2
                          expression3
                            callExpression
                              expressionList
                          op2
                          expression3
                            callExpression
                              expressionList
            statement
              callStatement
                callExpression
                  expressionList
>
	at crux.CompilerStageTests.lambda$parseTree$1(CompilerStageTests.java:48)
]]></failure>
  </testcase>
  <testcase name="parseTree" classname="crux.CompilerStageTests" time="0.007">
    <failure type="org.opentest4j.AssertionFailedError"><![CDATA[org.opentest4j.AssertionFailedError: 
Parse tree for program crux/stages/parse-tree/test34.crx differs from expected output. ==> expected: <program
  declarationList
    declaration
      functionDefinition
        parameterList
        type
        statementBlock
          statementList
            statement
              callStatement
                callExpression
                  expressionList
                    expression0
                      expression1
                        expression2
                          expression3
                            literal
                          op2
                          expression3
                            literal
                        op1
                        expression2
                          expression3
                            literal
            statement
              callStatement
                callExpression
                  expressionList
            statement
              callStatement
                callExpression
                  expressionList
                    expression0
                      expression1
                        expression2
                          expression3
                            literal
                        op1
                        expression2
                          expression3
                            literal
                          op2
                          expression3
                            literal
            statement
              callStatement
                callExpression
                  expressionList
            statement
              callStatement
                callExpression
                  expressionList
                    expression0
                      expression1
                        expression2
                          expression3
                            literal
                        op1
                        expression2
                          expression3
                            literal
                        op1
                        expression2
                          expression3
                            literal
            statement
              callStatement
                callExpression
                  expressionList
            statement
              callStatement
                callExpression
                  expressionList
                    expression0
                      expression1
                        expression2
                          expression3
                            literal
                        op1
                        expression2
                          expression3
                            literal
                        op1
                        expression2
                          expression3
                            literal
            statement
              callStatement
                callExpression
                  expressionList
            statement
              callStatement
                callExpression
                  expressionList
                    expression0
                      expression1
                        expression2
                          expression3
                            literal
                          op2
                          expression3
                            literal
                        op1
                        expression2
                          expression3
                            literal
            statement
              callStatement
                callExpression
                  expressionList
            statement
              callStatement
                callExpression
                  expressionList
                    expression0
                      expression1
                        expression2
                          expression3
                            literal
                          op2
                          expression3
                            literal
                          op2
                          expression3
                            literal
            statement
              callStatement
                callExpression
                  expressionList
            statement
              callStatement
                callExpression
                  expressionList
                    expression0
                      expression1
                        expression2
                          expression3
                            literal
                        op1
                        expression2
                          expression3
                            literal
                          op2
                          expression3
                            literal
            statement
              callStatement
                callExpression
                  expressionList
            statement
              callStatement
                callExpression
                  expressionList
                    expression0
                      expression1
                        expression2
                          expression3
                            expression0
                              expression1
                                expression2
                                  expression3
                                    literal
                                op1
                                expression2
                                  expression3
                                    literal
                          op2
                          expression3
                            literal
            statement
              callStatement
                callExpression
                  expressionList
            statement
              callStatement
                callExpression
                  expressionList
                    expression0
                      expression1
                        expression2
                          expression3
                            literal
                        op1
                        expression2
                          expression3
                            literal
                        op1
                        expression2
                          expression3
                            literal
            statement
              callStatement
                callExpression
                  expressionList
            statement
              callStatement
                callExpression
                  expressionList
                    expression0
                      expression1
                        expression2
                          expression3
                            literal
                          op2
                          expression3
                            literal
                        op1
                        expression2
                          expression3
                            literal
                          op2
                          expression3
                            literal
            statement
              callStatement
                callExpression
                  expressionList
            statement
              callStatement
                callExpression
                  expressionList
                    expression0
                      expression1
                        expression2
                          expression3
                            literal
                        op1
                        expression2
                          expression3
                            literal
                        op1
                        expression2
                          expression3
                            literal
            statement
              callStatement
                callExpression
                  expressionList
> but was: <program
  declarationList
    declaration
      functionDefinition
        parameterList
        type
        statementBlock
          statementList
            statement
              callStatement
                callExpression
                  expressionList
                    expression0
                      expression1
                        expression2
                          expression3
                            literal
                          op2
                          expression3
                            literal
                        op1
                        expression2
                          expression3
                            literal
            statement
              callStatement
                callExpression
                  expressionList
            statement
              callStatement
                callExpression
                  expressionList
                    expression0
                      expression1
                        expression2
                          expression3
                            literal
                        op1
                        expression2
                          expression3
                            literal
                          op2
                          expression3
                            literal
            statement
              callStatement
                callExpression
                  expressionList
            statement
              callStatement
                callExpression
                  expressionList
                    expression0
                      expression1
                        expression2
                          expression3
                            literal
                        op1
                        expression2
                          expression3
                            literal
                        op1
                        expression2
                          expression3
                            literal
            statement
              callStatement
                callExpression
                  expressionList
            statement
              callStatement
                callExpression
                  expressionList
                    expression0
                      expression1
                        expression2
                          expression3
                            literal
                        op1
                        expression2
                          expression3
                            literal
                        op1
                        expression2
                          expression3
                            literal
            statement
              callStatement
                callExpression
                  expressionList
            statement
              callStatement
                callExpression
                  expressionList
                    expression0
                      expression1
                        expression2
                          expression3
                            literal
                          op2
                          expression3
                            literal
                        op1
                        expression2
                          expression3
                            literal
            statement
              callStatement
                callExpression
                  expressionList
            statement
              callStatement
                callExpression
                  expressionList
                    expression0
                      expression1
                        expression2
                          expression3
                            literal
                          op2
                          expression3
                            literal
                          op2
                          expression3
                            literal
            statement
              callStatement
                callExpression
                  expressionList
            statement
              callStatement
                callExpression
                  expressionList
                    expression0
                      expression1
                        expression2
                          expression3
                            literal
                        op1
                        expression2
                          expression3
                            literal
                          op2
                          expression3
                            literal
            statement
              callStatement
                callExpression
                  expressionList
            statement
              callStatement
                callExpression
                  expressionList
                    expression0
                      expression1
                        expression2
                          expression3
                            expression0
                              expression1
                                expression2
                                  expression3
                                    literal
                                op1
                                expression2
                                  expression3
                                    literal
                          op2
                          expression3
                            literal
            statement
              callStatement
                callExpression
                  expressionList
            statement
              callStatement
                callExpression
                  expressionList
                    expression0
                      expression1
                        expression2
                          expression3
                            literal
                        op1
                        expression2
                          expression3
                            literal
                        op1
                        expression2
                          expression3
                            literal
            statement
              callStatement
                callExpression
                  expressionList
            statement
              callStatement
                callExpression
                  expressionList
                    expression0
                      expression1
                        expression2
                          expression3
                            literal
                          op2
                          expression3
                            literal
                        op1
                        expression2
                          expression3
                            literal
                          op2
                          expression3
                            literal
            statement
              callStatement
                callExpression
                  expressionList
            statement
              callStatement
                callExpression
                  expressionList
                    expression0
                      expression1
                        expression2
                          expression3
                            literal
                        op1
                        expression2
                          expression3
                            literal
                        op1
                        expression2
                          expression3
                            literal
            statement
              callStatement
                callExpression
                  expressionList
>
	at crux.CompilerStageTests.lambda$parseTree$1(CompilerStageTests.java:48)
]]></failure>
  </testcase>
  <testcase name="parseTree" classname="crux.CompilerStageTests" time="0.008">
    <failure type="org.opentest4j.AssertionFailedError"><![CDATA[org.opentest4j.AssertionFailedError: 
Parse tree for program crux/stages/parse-tree/test35.crx differs from expected output. ==> expected: <program
  declarationList
    declaration
      functionDefinition
        parameterList
        type
        statementBlock
          statementList
            statement
              callStatement
                callExpression
                  expressionList
                    expression0
                      expression1
                        expression2
                          expression3
                            literal
    declaration
      functionDefinition
        parameterList
          parameter
            type
        type
        statementBlock
          statementList
            statement
              callStatement
                callExpression
                  expressionList
                    expression0
                      expression1
                        expression2
                          expression3
                            designator
    declaration
      functionDefinition
        parameterList
          parameter
            type
          parameter
            type
        type
        statementBlock
          statementList
            statement
              callStatement
                callExpression
                  expressionList
                    expression0
                      expression1
                        expression2
                          expression3
                            designator
            statement
              callStatement
                callExpression
                  expressionList
                    expression0
                      expression1
                        expression2
                          expression3
                            designator
    declaration
      functionDefinition
        parameterList
          parameter
            type
          parameter
            type
          parameter
            type
        type
        statementBlock
          statementList
            statement
              callStatement
                callExpression
                  expressionList
                    expression0
                      expression1
                        expression2
                          expression3
                            designator
            statement
              callStatement
                callExpression
                  expressionList
                    expression0
                      expression1
                        expression2
                          expression3
                            designator
            statement
              callStatement
                callExpression
                  expressionList
                    expression0
                      expression1
                        expression2
                          expression3
                            designator
    declaration
      functionDefinition
        parameterList
        type
        statementBlock
          statementList
            statement
              callStatement
                callExpression
                  expressionList
            statement
              callStatement
                callExpression
                  expressionList
            statement
              callStatement
                callExpression
                  expressionList
                    expression0
                      expression1
                        expression2
                          expression3
                            literal
            statement
              callStatement
                callExpression
                  expressionList
            statement
              callStatement
                callExpression
                  expressionList
                    expression0
                      expression1
                        expression2
                          expression3
                            literal
                    expression0
                      expression1
                        expression2
                          expression3
                            literal
            statement
              callStatement
                callExpression
                  expressionList
            statement
              callStatement
                callExpression
                  expressionList
                    expression0
                      expression1
                        expression2
                          expression3
                            literal
                    expression0
                      expression1
                        expression2
                          expression3
                            literal
                    expression0
                      expression1
                        expression2
                          expression3
                            literal
            statement
              callStatement
                callExpression
                  expressionList
> but was: <program
  declarationList
    declaration
      functionDefinition
        parameterList
        type
        statementBlock
          statementList
            statement
              callStatement
                callExpression
                  expressionList
                    expression0
                      expression1
                        expression2
                          expression3
                            literal
    declaration
      functionDefinition
        parameterList
          parameter
            type
        type
        statementBlock
          statementList
            statement
              callStatement
                callExpression
                  expressionList
                    expression0
                      expression1
                        expression2
                          expression3
                            designator
    declaration
      functionDefinition
        parameterList
          parameter
            type
          parameter
            type
        type
        statementBlock
          statementList
            statement
              callStatement
                callExpression
                  expressionList
                    expression0
                      expression1
                        expression2
                          expression3
                            designator
            statement
              callStatement
                callExpression
                  expressionList
                    expression0
                      expression1
                        expression2
                          expression3
                            designator
    declaration
      functionDefinition
        parameterList
          parameter
            type
          parameter
            type
          parameter
            type
        type
        statementBlock
          statementList
            statement
              callStatement
                callExpression
                  expressionList
                    expression0
                      expression1
                        expression2
                          expression3
                            designator
            statement
              callStatement
                callExpression
                  expressionList
                    expression0
                      expression1
                        expression2
                          expression3
                            designator
            statement
              callStatement
                callExpression
                  expressionList
                    expression0
                      expression1
                        expression2
                          expression3
                            designator
    declaration
      functionDefinition
        parameterList
        type
        statementBlock
          statementList
            statement
              callStatement
                callExpression
                  expressionList
            statement
              callStatement
                callExpression
                  expressionList
            statement
              callStatement
                callExpression
                  expressionList
                    expression0
                      expression1
                        expression2
                          expression3
                            literal
            statement
              callStatement
                callExpression
                  expressionList
            statement
              callStatement
                callExpression
                  expressionList
                    expression0
                      expression1
                        expression2
                          expression3
                            literal
                    expression0
                      expression1
                        expression2
                          expression3
                            literal
            statement
              callStatement
                callExpression
                  expressionList
            statement
              callStatement
                callExpression
                  expressionList
                    expression0
                      expression1
                        expression2
                          expression3
                            literal
                    expression0
                      expression1
                        expression2
                          expression3
                            literal
                    expression0
                      expression1
                        expression2
                          expression3
                            literal
            statement
              callStatement
                callExpression
                  expressionList
>
	at crux.CompilerStageTests.lambda$parseTree$1(CompilerStageTests.java:48)
]]></failure>
  </testcase>
  <testcase name="parseTree" classname="crux.CompilerStageTests" time="0.005">
    <failure type="org.opentest4j.AssertionFailedError"><![CDATA[org.opentest4j.AssertionFailedError: 
Parse tree for program crux/stages/parse-tree/test36.crx differs from expected output. ==> expected: <program
  declarationList
    declaration
      functionDefinition
        parameterList
        type
        statementBlock
          statementList
            statement
              variableDeclaration
                type
            statement
              assignmentStatement
                designator
                expression0
                  expression1
                    expression2
                      expression3
                        literal
            statement
              whileStatement
                expression0
                  expression1
                    expression2
                      expression3
                        expression0
                          expression1
                            expression2
                              expression3
                                designator
                          op0
                          expression1
                            expression2
                              expression3
                                literal
                statementBlock
                  statementList
                    statement
                      callStatement
                        callExpression
                          expressionList
                            expression0
                              expression1
                                expression2
                                  expression3
                                    callExpression
                                      expressionList
                    statement
                      assignmentStatement
                        designator
                        expression0
                          expression1
                            expression2
                              expression3
                                designator
                            op1
                            expression2
                              expression3
                                literal
> but was: <program
  declarationList
    declaration
      functionDefinition
        parameterList
        type
        statementBlock
          statementList
            statement
              variable_declaration
                type
            statement
              assignmentStatement
                designator
                expression0
                  expression1
                    expression2
                      expression3
                        literal
            statement
              while_statement
                expression0
                  expression1
                    expression2
                      expression3
                        expression0
                          expression1
                            expression2
                              expression3
                                designator
                          op0
                          expression1
                            expression2
                              expression3
                                literal
                statementBlock
                  statementList
                    statement
                      callStatement
                        callExpression
                          expressionList
                            expression0
                              expression1
                                expression2
                                  expression3
                                    callExpression
                                      expressionList
                    statement
                      assignmentStatement
                        designator
                        expression0
                          expression1
                            expression2
                              expression3
                                designator
                            op1
                            expression2
                              expression3
                                literal
>
	at crux.CompilerStageTests.lambda$parseTree$1(CompilerStageTests.java:48)
]]></failure>
  </testcase>
  <testcase name="parseTree" classname="crux.CompilerStageTests" time="0.007">
    <failure type="org.opentest4j.AssertionFailedError"><![CDATA[org.opentest4j.AssertionFailedError: 
Parse tree for program crux/stages/parse-tree/test37.crx differs from expected output. ==> expected: <program
  declarationList
    declaration
      arrayDeclaration
        type
    declaration
      arrayDeclaration
        type
    declaration
      functionDefinition
        parameterList
        type
        statementBlock
          statementList
            statement
              assignmentStatement
                designator
                  expression0
                    expression1
                      expression2
                        expression3
                          literal
                expression0
                  expression1
                    expression2
                      expression3
                        literal
            statement
              assignmentStatement
                designator
                  expression0
                    expression1
                      expression2
                        expression3
                          literal
                expression0
                  expression1
                    expression2
                      expression3
                        literal
            statement
              assignmentStatement
                designator
                  expression0
                    expression1
                      expression2
                        expression3
                          literal
                expression0
                  expression1
                    expression2
                      expression3
                        literal
            statement
              assignmentStatement
                designator
                  expression0
                    expression1
                      expression2
                        expression3
                          literal
                expression0
                  expression1
                    expression2
                      expression3
                        literal
            statement
              assignmentStatement
                designator
                  expression0
                    expression1
                      expression2
                        expression3
                          literal
                expression0
                  expression1
                    expression2
                      expression3
                        literal
            statement
              assignmentStatement
                designator
                  expression0
                    expression1
                      expression2
                        expression3
                          literal
                expression0
                  expression1
                    expression2
                      expression3
                        literal
            statement
              assignmentStatement
                designator
                  expression0
                    expression1
                      expression2
                        expression3
                          literal
                expression0
                  expression1
                    expression2
                      expression3
                        literal
            statement
              assignmentStatement
                designator
                  expression0
                    expression1
                      expression2
                        expression3
                          literal
                expression0
                  expression1
                    expression2
                      expression3
                        literal
            statement
              assignmentStatement
                designator
                  expression0
                    expression1
                      expression2
                        expression3
                          literal
                expression0
                  expression1
                    expression2
                      expression3
                        literal
            statement
              assignmentStatement
                designator
                  expression0
                    expression1
                      expression2
                        expression3
                          designator
                            expression0
                              expression1
                                expression2
                                  expression3
                                    literal
                expression0
                  expression1
                    expression2
                      expression3
                        designator
                          expression0
                            expression1
                              expression2
                                expression3
                                  designator
                                    expression0
                                      expression1
                                        expression2
                                          expression3
                                            literal
            statement
              callStatement
                callExpression
                  expressionList
                    expression0
                      expression1
                        expression2
                          expression3
                            designator
                              expression0
                                expression1
                                  expression2
                                    expression3
                                      literal
> but was: <program
  declarationList
    declaration
      array_declaration
        type
    declaration
      array_declaration
        type
    declaration
      functionDefinition
        parameterList
        type
        statementBlock
          statementList
            statement
              assignmentStatement
                designator
                  expression0
                    expression1
                      expression2
                        expression3
                          literal
                expression0
                  expression1
                    expression2
                      expression3
                        literal
            statement
              assignmentStatement
                designator
                  expression0
                    expression1
                      expression2
                        expression3
                          literal
                expression0
                  expression1
                    expression2
                      expression3
                        literal
            statement
              assignmentStatement
                designator
                  expression0
                    expression1
                      expression2
                        expression3
                          literal
                expression0
                  expression1
                    expression2
                      expression3
                        literal
            statement
              assignmentStatement
                designator
                  expression0
                    expression1
                      expression2
                        expression3
                          literal
                expression0
                  expression1
                    expression2
                      expression3
                        literal
            statement
              assignmentStatement
                designator
                  expression0
                    expression1
                      expression2
                        expression3
                          literal
                expression0
                  expression1
                    expression2
                      expression3
                        literal
            statement
              assignmentStatement
                designator
                  expression0
                    expression1
                      expression2
                        expression3
                          literal
                expression0
                  expression1
                    expression2
                      expression3
                        literal
            statement
              assignmentStatement
                designator
                  expression0
                    expression1
                      expression2
                        expression3
                          literal
                expression0
                  expression1
                    expression2
                      expression3
                        literal
            statement
              assignmentStatement
                designator
                  expression0
                    expression1
                      expression2
                        expression3
                          literal
                expression0
                  expression1
                    expression2
                      expression3
                        literal
            statement
              assignmentStatement
                designator
                  expression0
                    expression1
                      expression2
                        expression3
                          literal
                expression0
                  expression1
                    expression2
                      expression3
                        literal
            statement
              assignmentStatement
                designator
                  expression0
                    expression1
                      expression2
                        expression3
                          designator
                            expression0
                              expression1
                                expression2
                                  expression3
                                    literal
                expression0
                  expression1
                    expression2
                      expression3
                        designator
                          expression0
                            expression1
                              expression2
                                expression3
                                  designator
                                    expression0
                                      expression1
                                        expression2
                                          expression3
                                            literal
            statement
              callStatement
                callExpression
                  expressionList
                    expression0
                      expression1
                        expression2
                          expression3
                            designator
                              expression0
                                expression1
                                  expression2
                                    expression3
                                      literal
>
	at crux.CompilerStageTests.lambda$parseTree$1(CompilerStageTests.java:48)
]]></failure>
  </testcase>
  <testcase name="parseTree" classname="crux.CompilerStageTests" time="0.011">
    <failure type="org.opentest4j.AssertionFailedError"><![CDATA[org.opentest4j.AssertionFailedError: 
Parse tree for program crux/stages/parse-tree/test38.crx differs from expected output. ==> expected: <program
  declarationList
    declaration
      functionDefinition
        parameterList
        type
        statementBlock
          statementList
            statement
              callStatement
                callExpression
                  expressionList
                    expression0
                      expression1
                        expression2
                          expression3
                            expression0
                              expression1
                                expression2
                                  expression3
                                    literal
                              op0
                              expression1
                                expression2
                                  expression3
                                    literal
                          op2
                          expression3
                            expression0
                              expression1
                                expression2
                                  expression3
                                    literal
                              op0
                              expression1
                                expression2
                                  expression3
                                    literal
            statement
              callStatement
                callExpression
                  expressionList
            statement
              callStatement
                callExpression
                  expressionList
                    expression0
                      expression1
                        expression2
                          expression3
                            expression0
                              expression1
                                expression2
                                  expression3
                                    literal
                              op0
                              expression1
                                expression2
                                  expression3
                                    literal
                          op2
                          expression3
                            expression0
                              expression1
                                expression2
                                  expression3
                                    literal
                              op0
                              expression1
                                expression2
                                  expression3
                                    literal
                        op1
                        expression2
                          expression3
                            expression0
                              expression1
                                expression2
                                  expression3
                                    literal
                              op0
                              expression1
                                expression2
                                  expression3
                                    literal
            statement
              callStatement
                callExpression
                  expressionList
            statement
              callStatement
                callExpression
                  expressionList
                    expression0
                      expression1
                        expression2
                          expression3
                            expression0
                              expression1
                                expression2
                                  expression3
                                    literal
                                op1
                                expression2
                                  expression3
                                    literal
                              op0
                              expression1
                                expression2
                                  expression3
                                    literal
                          op2
                          expression3
                            expression0
                              expression1
                                expression2
                                  expression3
                                    literal
                              op0
                              expression1
                                expression2
                                  expression3
                                    literal
            statement
              callStatement
                callExpression
                  expressionList
            statement
              callStatement
                callExpression
                  expressionList
                    expression0
                      expression1
                        expression2
                          expression3
                            literal
                          op2
                          expression3
                            literal
                        op1
                        expression2
                          expression3
                            literal
            statement
              callStatement
                callExpression
                  expressionList
            statement
              callStatement
                callExpression
                  expressionList
                    expression0
                      expression1
                        expression2
                          expression3
                            literal
                          op2
                          expression3
                            literal
                        op1
                        expression2
                          expression3
                            literal
            statement
              callStatement
                callExpression
                  expressionList
            statement
              callStatement
                callExpression
                  expressionList
                    expression0
                      expression1
                        expression2
                          expression3
                            literal
                          op2
                          expression3
                            literal
                        op1
                        expression2
                          expression3
                            literal
            statement
              callStatement
                callExpression
                  expressionList
            statement
              callStatement
                callExpression
                  expressionList
                    expression0
                      expression1
                        expression2
                          expression3
                            literal
                          op2
                          expression3
                            literal
                        op1
                        expression2
                          expression3
                            literal
            statement
              callStatement
                callExpression
                  expressionList
            statement
              callStatement
                callExpression
                  expressionList
                    expression0
                      expression1
                        expression2
                          expression3
                            literal
                          op2
                          expression3
                            literal
                        op1
                        expression2
                          expression3
                            literal
            statement
              callStatement
                callExpression
                  expressionList
            statement
              callStatement
                callExpression
                  expressionList
                    expression0
                      expression1
                        expression2
                          expression3
                            literal
                          op2
                          expression3
                            literal
                        op1
                        expression2
                          expression3
                            literal
            statement
              callStatement
                callExpression
                  expressionList
            statement
              callStatement
                callExpression
                  expressionList
                    expression0
                      expression1
                        expression2
                          expression3
                            literal
                          op2
                          expression3
                            literal
                        op1
                        expression2
                          expression3
                            literal
            statement
              callStatement
                callExpression
                  expressionList
            statement
              callStatement
                callExpression
                  expressionList
                    expression0
                      expression1
                        expression2
                          expression3
                            literal
                          op2
                          expression3
                            literal
                        op1
                        expression2
                          expression3
                            literal
            statement
              callStatement
                callExpression
                  expressionList
            statement
              callStatement
                callExpression
                  expressionList
                    expression0
                      expression1
                        expression2
                          expression3
                            literal
                        op1
                        expression2
                          expression3
                            literal
                          op2
                          expression3
                            literal
            statement
              callStatement
                callExpression
                  expressionList
            statement
              callStatement
                callExpression
                  expressionList
                    expression0
                      expression1
                        expression2
                          expression3
                            literal
                        op1
                        expression2
                          expression3
                            literal
                          op2
                          expression3
                            literal
            statement
              callStatement
                callExpression
                  expressionList
            statement
              callStatement
                callExpression
                  expressionList
                    expression0
                      expression1
                        expression2
                          expression3
                            literal
                        op1
                        expression2
                          expression3
                            literal
                          op2
                          expression3
                            literal
            statement
              callStatement
                callExpression
                  expressionList
            statement
              callStatement
                callExpression
                  expressionList
                    expression0
                      expression1
                        expression2
                          expression3
                            literal
                        op1
                        expression2
                          expression3
                            literal
                          op2
                          expression3
                            literal
            statement
              callStatement
                callExpression
                  expressionList
            statement
              callStatement
                callExpression
                  expressionList
                    expression0
                      expression1
                        expression2
                          expression3
                            literal
                        op1
                        expression2
                          expression3
                            literal
                          op2
                          expression3
                            literal
            statement
              callStatement
                callExpression
                  expressionList
            statement
              callStatement
                callExpression
                  expressionList
                    expression0
                      expression1
                        expression2
                          expression3
                            literal
                        op1
                        expression2
                          expression3
                            literal
                          op2
                          expression3
                            literal
            statement
              callStatement
                callExpression
                  expressionList
            statement
              callStatement
                callExpression
                  expressionList
                    expression0
                      expression1
                        expression2
                          expression3
                            literal
                        op1
                        expression2
                          expression3
                            literal
                          op2
                          expression3
                            literal
            statement
              callStatement
                callExpression
                  expressionList
            statement
              callStatement
                callExpression
                  expressionList
                    expression0
                      expression1
                        expression2
                          expression3
                            literal
                        op1
                        expression2
                          expression3
                            literal
                          op2
                          expression3
                            literal
            statement
              callStatement
                callExpression
                  expressionList
> but was: <program
  declarationList
    declaration
      functionDefinition
        parameterList
        type
        statementBlock
          statementList
            statement
              callStatement
                callExpression
                  expressionList
                    expression0
                      expression1
                        expression2
                          expression3
                            expression0
                              expression1
                                expression2
                                  expression3
                                    literal
                              op0
                              expression1
                                expression2
                                  expression3
                                    literal
                          op2
                          expression3
                            expression0
                              expression1
                                expression2
                                  expression3
                                    literal
                              op0
                              expression1
                                expression2
                                  expression3
                                    literal
            statement
              callStatement
                callExpression
                  expressionList
            statement
              callStatement
                callExpression
                  expressionList
                    expression0
                      expression1
                        expression2
                          expression3
                            expression0
                              expression1
                                expression2
                                  expression3
                                    literal
                              op0
                              expression1
                                expression2
                                  expression3
                                    literal
                          op2
                          expression3
                            expression0
                              expression1
                                expression2
                                  expression3
                                    literal
                              op0
                              expression1
                                expression2
                                  expression3
                                    literal
                        op1
                        expression2
                          expression3
                            expression0
                              expression1
                                expression2
                                  expression3
                                    literal
                              op0
                              expression1
                                expression2
                                  expression3
                                    literal
            statement
              callStatement
                callExpression
                  expressionList
            statement
              callStatement
                callExpression
                  expressionList
                    expression0
                      expression1
                        expression2
                          expression3
                            expression0
                              expression1
                                expression2
                                  expression3
                                    literal
                                op1
                                expression2
                                  expression3
                                    literal
                              op0
                              expression1
                                expression2
                                  expression3
                                    literal
                          op2
                          expression3
                            expression0
                              expression1
                                expression2
                                  expression3
                                    literal
                              op0
                              expression1
                                expression2
                                  expression3
                                    literal
            statement
              callStatement
                callExpression
                  expressionList
            statement
              callStatement
                callExpression
                  expressionList
                    expression0
                      expression1
                        expression2
                          expression3
                            literal
                          op2
                          expression3
                            literal
                        op1
                        expression2
                          expression3
                            literal
            statement
              callStatement
                callExpression
                  expressionList
            statement
              callStatement
                callExpression
                  expressionList
                    expression0
                      expression1
                        expression2
                          expression3
                            literal
                          op2
                          expression3
                            literal
                        op1
                        expression2
                          expression3
                            literal
            statement
              callStatement
                callExpression
                  expressionList
            statement
              callStatement
                callExpression
                  expressionList
                    expression0
                      expression1
                        expression2
                          expression3
                            literal
                          op2
                          expression3
                            literal
                        op1
                        expression2
                          expression3
                            literal
            statement
              callStatement
                callExpression
                  expressionList
            statement
              callStatement
                callExpression
                  expressionList
                    expression0
                      expression1
                        expression2
                          expression3
                            literal
                          op2
                          expression3
                            literal
                        op1
                        expression2
                          expression3
                            literal
            statement
              callStatement
                callExpression
                  expressionList
            statement
              callStatement
                callExpression
                  expressionList
                    expression0
                      expression1
                        expression2
                          expression3
                            literal
                          op2
                          expression3
                            literal
                        op1
                        expression2
                          expression3
                            literal
            statement
              callStatement
                callExpression
                  expressionList
            statement
              callStatement
                callExpression
                  expressionList
                    expression0
                      expression1
                        expression2
                          expression3
                            literal
                          op2
                          expression3
                            literal
                        op1
                        expression2
                          expression3
                            literal
            statement
              callStatement
                callExpression
                  expressionList
            statement
              callStatement
                callExpression
                  expressionList
                    expression0
                      expression1
                        expression2
                          expression3
                            literal
                          op2
                          expression3
                            literal
                        op1
                        expression2
                          expression3
                            literal
            statement
              callStatement
                callExpression
                  expressionList
            statement
              callStatement
                callExpression
                  expressionList
                    expression0
                      expression1
                        expression2
                          expression3
                            literal
                          op2
                          expression3
                            literal
                        op1
                        expression2
                          expression3
                            literal
            statement
              callStatement
                callExpression
                  expressionList
            statement
              callStatement
                callExpression
                  expressionList
                    expression0
                      expression1
                        expression2
                          expression3
                            literal
                        op1
                        expression2
                          expression3
                            literal
                          op2
                          expression3
                            literal
            statement
              callStatement
                callExpression
                  expressionList
            statement
              callStatement
                callExpression
                  expressionList
                    expression0
                      expression1
                        expression2
                          expression3
                            literal
                        op1
                        expression2
                          expression3
                            literal
                          op2
                          expression3
                            literal
            statement
              callStatement
                callExpression
                  expressionList
            statement
              callStatement
                callExpression
                  expressionList
                    expression0
                      expression1
                        expression2
                          expression3
                            literal
                        op1
                        expression2
                          expression3
                            literal
                          op2
                          expression3
                            literal
            statement
              callStatement
                callExpression
                  expressionList
            statement
              callStatement
                callExpression
                  expressionList
                    expression0
                      expression1
                        expression2
                          expression3
                            literal
                        op1
                        expression2
                          expression3
                            literal
                          op2
                          expression3
                            literal
            statement
              callStatement
                callExpression
                  expressionList
            statement
              callStatement
                callExpression
                  expressionList
                    expression0
                      expression1
                        expression2
                          expression3
                            literal
                        op1
                        expression2
                          expression3
                            literal
                          op2
                          expression3
                            literal
            statement
              callStatement
                callExpression
                  expressionList
            statement
              callStatement
                callExpression
                  expressionList
                    expression0
                      expression1
                        expression2
                          expression3
                            literal
                        op1
                        expression2
                          expression3
                            literal
                          op2
                          expression3
                            literal
            statement
              callStatement
                callExpression
                  expressionList
            statement
              callStatement
                callExpression
                  expressionList
                    expression0
                      expression1
                        expression2
                          expression3
                            literal
                        op1
                        expression2
                          expression3
                            literal
                          op2
                          expression3
                            literal
            statement
              callStatement
                callExpression
                  expressionList
            statement
              callStatement
                callExpression
                  expressionList
                    expression0
                      expression1
                        expression2
                          expression3
                            literal
                        op1
                        expression2
                          expression3
                            literal
                          op2
                          expression3
                            literal
            statement
              callStatement
                callExpression
                  expressionList
>
	at crux.CompilerStageTests.lambda$parseTree$1(CompilerStageTests.java:48)
]]></failure>
  </testcase>
  <testcase name="parseTree" classname="crux.CompilerStageTests" time="0.01">
    <failure type="org.opentest4j.AssertionFailedError"><![CDATA[org.opentest4j.AssertionFailedError: 
Parse tree for program crux/stages/parse-tree/test39.crx differs from expected output. ==> expected: <program
  declarationList
    declaration
      functionDefinition
        parameterList
          parameter
            type
          parameter
            type
        type
        statementBlock
          statementList
            statement
              callStatement
                callExpression
                  expressionList
                    expression0
                      expression1
                        expression2
                          expression3
                            designator
                        op1
                        expression2
                          expression3
                            designator
            statement
              callStatement
                callExpression
                  expressionList
            statement
              callStatement
                callExpression
                  expressionList
                    expression0
                      expression1
                        expression2
                          expression3
                            designator
                        op1
                        expression2
                          expression3
                            designator
            statement
              callStatement
                callExpression
                  expressionList
            statement
              callStatement
                callExpression
                  expressionList
                    expression0
                      expression1
                        expression2
                          expression3
                            designator
                          op2
                          expression3
                            designator
            statement
              callStatement
                callExpression
                  expressionList
            statement
              ifStatement
                expression0
                  expression1
                    expression2
                      expression3
                        expression0
                          expression1
                            expression2
                              expression3
                                designator
                          op0
                          expression1
                            expression2
                              expression3
                                literal
                statementBlock
                  statementList
                    statement
                      callStatement
                        callExpression
                          expressionList
                            expression0
                              expression1
                                expression2
                                  expression3
                                    designator
                                  op2
                                  expression3
                                    designator
                    statement
                      callStatement
                        callExpression
                          expressionList
                statementBlock
                  statementList
                    statement
                      callStatement
                        callExpression
                          expressionList
    declaration
      functionDefinition
        parameterList
        type
        statementBlock
          statementList
            statement
              variableDeclaration
                type
            statement
              variableDeclaration
                type
            statement
              assignmentStatement
                designator
                expression0
                  expression1
                    expression2
                      expression3
                        literal
            statement
              whileStatement
                expression0
                  expression1
                    expression2
                      expression3
                        expression0
                          expression1
                            expression2
                              expression3
                                designator
                          op0
                          expression1
                            expression2
                              expression3
                                literal
                statementBlock
                  statementList
                    statement
                      assignmentStatement
                        designator
                        expression0
                          expression1
                            expression2
                              expression3
                                literal
                    statement
                      whileStatement
                        expression0
                          expression1
                            expression2
                              expression3
                                expression0
                                  expression1
                                    expression2
                                      expression3
                                        designator
                                  op0
                                  expression1
                                    expression2
                                      expression3
                                        literal
                        statementBlock
                          statementList
                            statement
                              callStatement
                                callExpression
                                  expressionList
                                    expression0
                                      expression1
                                        expression2
                                          expression3
                                            designator
                                    expression0
                                      expression1
                                        expression2
                                          expression3
                                            designator
                            statement
                              assignmentStatement
                                designator
                                expression0
                                  expression1
                                    expression2
                                      expression3
                                        designator
                                    op1
                                    expression2
                                      expression3
                                        literal
                    statement
                      assignmentStatement
                        designator
                        expression0
                          expression1
                            expression2
                              expression3
                                designator
                            op1
                            expression2
                              expression3
                                literal
> but was: <program
  declarationList
    declaration
      functionDefinition
        parameterList
          parameter
            type
          parameter
            type
        type
        statementBlock
          statementList
            statement
              callStatement
                callExpression
                  expressionList
                    expression0
                      expression1
                        expression2
                          expression3
                            designator
                        op1
                        expression2
                          expression3
                            designator
            statement
              callStatement
                callExpression
                  expressionList
            statement
              callStatement
                callExpression
                  expressionList
                    expression0
                      expression1
                        expression2
                          expression3
                            designator
                        op1
                        expression2
                          expression3
                            designator
            statement
              callStatement
                callExpression
                  expressionList
            statement
              callStatement
                callExpression
                  expressionList
                    expression0
                      expression1
                        expression2
                          expression3
                            designator
                          op2
                          expression3
                            designator
            statement
              callStatement
                callExpression
                  expressionList
            statement
              if_statement
                expression0
                  expression1
                    expression2
                      expression3
                        expression0
                          expression1
                            expression2
                              expression3
                                designator
                          op0
                          expression1
                            expression2
                              expression3
                                literal
                statementBlock
                  statementList
                    statement
                      callStatement
                        callExpression
                          expressionList
                            expression0
                              expression1
                                expression2
                                  expression3
                                    designator
                                  op2
                                  expression3
                                    designator
                    statement
                      callStatement
                        callExpression
                          expressionList
                statementBlock
                  statementList
                    statement
                      callStatement
                        callExpression
                          expressionList
    declaration
      functionDefinition
        parameterList
        type
        statementBlock
          statementList
            statement
              variable_declaration
                type
            statement
              variable_declaration
                type
            statement
              assignmentStatement
                designator
                expression0
                  expression1
                    expression2
                      expression3
                        literal
            statement
              while_statement
                expression0
                  expression1
                    expression2
                      expression3
                        expression0
                          expression1
                            expression2
                              expression3
                                designator
                          op0
                          expression1
                            expression2
                              expression3
                                literal
                statementBlock
                  statementList
                    statement
                      assignmentStatement
                        designator
                        expression0
                          expression1
                            expression2
                              expression3
                                literal
                    statement
                      while_statement
                        expression0
                          expression1
                            expression2
                              expression3
                                expression0
                                  expression1
                                    expression2
                                      expression3
                                        designator
                                  op0
                                  expression1
                                    expression2
                                      expression3
                                        literal
                        statementBlock
                          statementList
                            statement
                              callStatement
                                callExpression
                                  expressionList
                                    expression0
                                      expression1
                                        expression2
                                          expression3
                                            designator
                                    expression0
                                      expression1
                                        expression2
                                          expression3
                                            designator
                            statement
                              assignmentStatement
                                designator
                                expression0
                                  expression1
                                    expression2
                                      expression3
                                        designator
                                    op1
                                    expression2
                                      expression3
                                        literal
                    statement
                      assignmentStatement
                        designator
                        expression0
                          expression1
                            expression2
                              expression3
                                designator
                            op1
                            expression2
                              expression3
                                literal
>
	at crux.CompilerStageTests.lambda$parseTree$1(CompilerStageTests.java:48)
]]></failure>
  </testcase>
  <testcase name="parseTree" classname="crux.CompilerStageTests" time="0.008">
    <failure type="org.opentest4j.AssertionFailedError"><![CDATA[org.opentest4j.AssertionFailedError: 
Parse tree for program crux/stages/parse-tree/test40.crx differs from expected output. ==> expected: <program
  declarationList
    declaration
      functionDefinition
        parameterList
          parameter
            type
          parameter
            type
        type
        statementBlock
          statementList
            statement
              callStatement
                callExpression
                  expressionList
                    expression0
                      expression1
                        expression2
                          expression3
                            designator
                      op0
                      expression1
                        expression2
                          expression3
                            designator
            statement
              callStatement
                callExpression
                  expressionList
            statement
              callStatement
                callExpression
                  expressionList
                    expression0
                      expression1
                        expression2
                          expression3
                            designator
                      op0
                      expression1
                        expression2
                          expression3
                            designator
            statement
              callStatement
                callExpression
                  expressionList
            statement
              callStatement
                callExpression
                  expressionList
                    expression0
                      expression1
                        expression2
                          expression3
                            designator
                      op0
                      expression1
                        expression2
                          expression3
                            designator
            statement
              callStatement
                callExpression
                  expressionList
            statement
              callStatement
                callExpression
                  expressionList
                    expression0
                      expression1
                        expression2
                          expression3
                            designator
                      op0
                      expression1
                        expression2
                          expression3
                            designator
            statement
              callStatement
                callExpression
                  expressionList
            statement
              callStatement
                callExpression
                  expressionList
                    expression0
                      expression1
                        expression2
                          expression3
                            designator
                      op0
                      expression1
                        expression2
                          expression3
                            designator
            statement
              callStatement
                callExpression
                  expressionList
            statement
              callStatement
                callExpression
                  expressionList
                    expression0
                      expression1
                        expression2
                          expression3
                            designator
                      op0
                      expression1
                        expression2
                          expression3
                            designator
            statement
              callStatement
                callExpression
                  expressionList
    declaration
      functionDefinition
        parameterList
        type
        statementBlock
          statementList
            statement
              variableDeclaration
                type
            statement
              variableDeclaration
                type
            statement
              assignmentStatement
                designator
                expression0
                  expression1
                    expression2
                      expression3
                        literal
            statement
              whileStatement
                expression0
                  expression1
                    expression2
                      expression3
                        expression0
                          expression1
                            expression2
                              expression3
                                designator
                          op0
                          expression1
                            expression2
                              expression3
                                literal
                statementBlock
                  statementList
                    statement
                      assignmentStatement
                        designator
                        expression0
                          expression1
                            expression2
                              expression3
                                literal
                    statement
                      whileStatement
                        expression0
                          expression1
                            expression2
                              expression3
                                expression0
                                  expression1
                                    expression2
                                      expression3
                                        designator
                                  op0
                                  expression1
                                    expression2
                                      expression3
                                        literal
                        statementBlock
                          statementList
                            statement
                              callStatement
                                callExpression
                                  expressionList
                                    expression0
                                      expression1
                                        expression2
                                          expression3
                                            designator
                                    expression0
                                      expression1
                                        expression2
                                          expression3
                                            designator
                            statement
                              assignmentStatement
                                designator
                                expression0
                                  expression1
                                    expression2
                                      expression3
                                        designator
                                    op1
                                    expression2
                                      expression3
                                        literal
                    statement
                      assignmentStatement
                        designator
                        expression0
                          expression1
                            expression2
                              expression3
                                designator
                            op1
                            expression2
                              expression3
                                literal
> but was: <program
  declarationList
    declaration
      functionDefinition
        parameterList
          parameter
            type
          parameter
            type
        type
        statementBlock
          statementList
            statement
              callStatement
                callExpression
                  expressionList
                    expression0
                      expression1
                        expression2
                          expression3
                            designator
                      op0
                      expression1
                        expression2
                          expression3
                            designator
            statement
              callStatement
                callExpression
                  expressionList
            statement
              callStatement
                callExpression
                  expressionList
                    expression0
                      expression1
                        expression2
                          expression3
                            designator
                      op0
                      expression1
                        expression2
                          expression3
                            designator
            statement
              callStatement
                callExpression
                  expressionList
            statement
              callStatement
                callExpression
                  expressionList
                    expression0
                      expression1
                        expression2
                          expression3
                            designator
                      op0
                      expression1
                        expression2
                          expression3
                            designator
            statement
              callStatement
                callExpression
                  expressionList
            statement
              callStatement
                callExpression
                  expressionList
                    expression0
                      expression1
                        expression2
                          expression3
                            designator
                      op0
                      expression1
                        expression2
                          expression3
                            designator
            statement
              callStatement
                callExpression
                  expressionList
            statement
              callStatement
                callExpression
                  expressionList
                    expression0
                      expression1
                        expression2
                          expression3
                            designator
                      op0
                      expression1
                        expression2
                          expression3
                            designator
            statement
              callStatement
                callExpression
                  expressionList
            statement
              callStatement
                callExpression
                  expressionList
                    expression0
                      expression1
                        expression2
                          expression3
                            designator
                      op0
                      expression1
                        expression2
                          expression3
                            designator
            statement
              callStatement
                callExpression
                  expressionList
    declaration
      functionDefinition
        parameterList
        type
        statementBlock
          statementList
            statement
              variable_declaration
                type
            statement
              variable_declaration
                type
            statement
              assignmentStatement
                designator
                expression0
                  expression1
                    expression2
                      expression3
                        literal
            statement
              while_statement
                expression0
                  expression1
                    expression2
                      expression3
                        expression0
                          expression1
                            expression2
                              expression3
                                designator
                          op0
                          expression1
                            expression2
                              expression3
                                literal
                statementBlock
                  statementList
                    statement
                      assignmentStatement
                        designator
                        expression0
                          expression1
                            expression2
                              expression3
                                literal
                    statement
                      while_statement
                        expression0
                          expression1
                            expression2
                              expression3
                                expression0
                                  expression1
                                    expression2
                                      expression3
                                        designator
                                  op0
                                  expression1
                                    expression2
                                      expression3
                                        literal
                        statementBlock
                          statementList
                            statement
                              callStatement
                                callExpression
                                  expressionList
                                    expression0
                                      expression1
                                        expression2
                                          expression3
                                            designator
                                    expression0
                                      expression1
                                        expression2
                                          expression3
                                            designator
                            statement
                              assignmentStatement
                                designator
                                expression0
                                  expression1
                                    expression2
                                      expression3
                                        designator
                                    op1
                                    expression2
                                      expression3
                                        literal
                    statement
                      assignmentStatement
                        designator
                        expression0
                          expression1
                            expression2
                              expression3
                                designator
                            op1
                            expression2
                              expression3
                                literal
>
	at crux.CompilerStageTests.lambda$parseTree$1(CompilerStageTests.java:48)
]]></failure>
  </testcase>
  <testcase name="parseTree" classname="crux.CompilerStageTests" time="0.004">
    <failure type="org.opentest4j.AssertionFailedError"><![CDATA[org.opentest4j.AssertionFailedError: 
Parse tree for program crux/stages/parse-tree/test41.crx differs from expected output. ==> expected: <program
  declarationList
    declaration
      variableDeclaration
        type
    declaration
      arrayDeclaration
        type
    declaration
      functionDefinition
        parameterList
        type
        statementBlock
          statementList
            statement
              returnStatement
                expression0
                  expression1
                    expression2
                      expression3
                        literal
    declaration
      functionDefinition
        parameterList
        type
        statementBlock
          statementList
            statement
              assignmentStatement
                designator
                expression0
                  expression1
                    expression2
                      expression3
                        literal
            statement
              assignmentStatement
                designator
                  expression0
                    expression1
                      expression2
                        expression3
                          literal
                expression0
                  expression1
                    expression2
                      expression3
                        literal
            statement
              variableDeclaration
                type
            statement
              ifStatement
                expression0
                  expression1
                    expression2
                      expression3
                        expression0
                          expression1
                            expression2
                              expression3
                                expression0
                                  expression1
                                    expression2
                                      expression3
                                        expression0
                                          expression1
                                            expression2
                                              expression3
                                                expression0
                                                  expression1
                                                    expression2
                                                      expression3
                                                        expression0
                                                          expression1
                                                            expression2
                                                              expression3
                                                                literal
                statementBlock
                  statementList
                    statement
                      assignmentStatement
                        designator
                        expression0
                          expression1
                            expression2
                              expression3
                                expression0
                                  expression1
                                    expression2
                                      expression3
                                        literal
                                  op0
                                  expression1
                                    expression2
                                      expression3
                                        expression0
                                          expression1
                                            expression2
                                              expression3
                                                designator
                                                  expression0
                                                    expression1
                                                      expression2
                                                        expression3
                                                          literal
                                            op1
                                            expression2
                                              expression3
                                                designator
                            op1
                            expression2
                              expression3
                                expression0
                                  expression1
                                    expression2
                                      expression3
                                        callExpression
                                          expressionList
                                    op1
                                    expression2
                                      expression3
                                        expression0
                                          expression1
                                            expression2
                                              expression3
                                                expression0
                                                  expression1
                                                    expression2
                                                      expression3
                                                        expression0
                                                          expression1
                                                            expression2
                                                              expression3
                                                                literal
> but was: <line 21:0 mismatched input '}' expecting {'and', 'or', ')', '+', '-', '*', '/', '>=', '<=', '!=', '==', '>', '<'}
>
	at crux.CompilerStageTests.lambda$parseTree$1(CompilerStageTests.java:48)
]]></failure>
  </testcase>
  <testcase name="parseTree" classname="crux.CompilerStageTests" time="0.004">
    <failure type="org.opentest4j.AssertionFailedError"><![CDATA[org.opentest4j.AssertionFailedError: 
Parse tree for program crux/stages/parse-tree/test42.crx differs from expected output. ==> expected: <program
  declarationList
    declaration
      arrayDeclaration
        type
    declaration
      functionDefinition
        parameterList
        type
        statementBlock
          statementList
            statement
              assignmentStatement
                designator
                  expression0
                    expression1
                      expression2
                        expression3
                          literal
                expression0
                  expression1
                    expression2
                      expression3
                        literal
            statement
              returnStatement
                expression0
                  expression1
                    expression2
                      expression3
                        literal
    declaration
      functionDefinition
        parameterList
        type
        statementBlock
          statementList
            statement
              assignmentStatement
                designator
                  expression0
                    expression1
                      expression2
                        expression3
                          literal
                expression0
                  expression1
                    expression2
                      expression3
                        literal
            statement
              assignmentStatement
                designator
                  expression0
                    expression1
                      expression2
                        expression3
                          literal
                expression0
                  expression1
                    expression2
                      expression3
                        literal
            statement
              assignmentStatement
                designator
                  expression0
                    expression1
                      expression2
                        expression3
                          literal
                expression0
                  expression1
                    expression2
                      expression3
                        literal
            statement
              assignmentStatement
                designator
                  expression0
                    expression1
                      expression2
                        expression3
                          designator
                            expression0
                              expression1
                                expression2
                                  expression3
                                    literal
                expression0
                  expression1
                    expression2
                      expression3
                        designator
                          expression0
                            expression1
                              expression2
                                expression3
                                  literal
                    op1
                    expression2
                      expression3
                        callExpression
                          expressionList
            statement
              callStatement
                callExpression
                  expressionList
                    expression0
                      expression1
                        expression2
                          expression3
                            designator
                              expression0
                                expression1
                                  expression2
                                    expression3
                                      literal
            statement
              callStatement
                callExpression
                  expressionList
            statement
              callStatement
                callExpression
                  expressionList
                    expression0
                      expression1
                        expression2
                          expression3
                            designator
                              expression0
                                expression1
                                  expression2
                                    expression3
                                      literal
            statement
              callStatement
                callExpression
                  expressionList
            statement
              callStatement
                callExpression
                  expressionList
                    expression0
                      expression1
                        expression2
                          expression3
                            designator
                              expression0
                                expression1
                                  expression2
                                    expression3
                                      literal
            statement
              callStatement
                callExpression
                  expressionList
> but was: <program
  declarationList
    declaration
      array_declaration
        type
    declaration
      functionDefinition
        parameterList
        type
        statementBlock
          statementList
            statement
              assignmentStatement
                designator
                  expression0
                    expression1
                      expression2
                        expression3
                          literal
                expression0
                  expression1
                    expression2
                      expression3
                        literal
            statement
              return_statement
                expression0
                  expression1
                    expression2
                      expression3
                        literal
    declaration
      functionDefinition
        parameterList
        type
        statementBlock
          statementList
            statement
              assignmentStatement
                designator
                  expression0
                    expression1
                      expression2
                        expression3
                          literal
                expression0
                  expression1
                    expression2
                      expression3
                        literal
            statement
              assignmentStatement
                designator
                  expression0
                    expression1
                      expression2
                        expression3
                          literal
                expression0
                  expression1
                    expression2
                      expression3
                        literal
            statement
              assignmentStatement
                designator
                  expression0
                    expression1
                      expression2
                        expression3
                          literal
                expression0
                  expression1
                    expression2
                      expression3
                        literal
            statement
              assignmentStatement
                designator
                  expression0
                    expression1
                      expression2
                        expression3
                          designator
                            expression0
                              expression1
                                expression2
                                  expression3
                                    literal
                expression0
                  expression1
                    expression2
                      expression3
                        designator
                          expression0
                            expression1
                              expression2
                                expression3
                                  literal
                    op1
                    expression2
                      expression3
                        callExpression
                          expressionList
            statement
              callStatement
                callExpression
                  expressionList
                    expression0
                      expression1
                        expression2
                          expression3
                            designator
                              expression0
                                expression1
                                  expression2
                                    expression3
                                      literal
            statement
              callStatement
                callExpression
                  expressionList
            statement
              callStatement
                callExpression
                  expressionList
                    expression0
                      expression1
                        expression2
                          expression3
                            designator
                              expression0
                                expression1
                                  expression2
                                    expression3
                                      literal
            statement
              callStatement
                callExpression
                  expressionList
            statement
              callStatement
                callExpression
                  expressionList
                    expression0
                      expression1
                        expression2
                          expression3
                            designator
                              expression0
                                expression1
                                  expression2
                                    expression3
                                      literal
            statement
              callStatement
                callExpression
                  expressionList
>
	at crux.CompilerStageTests.lambda$parseTree$1(CompilerStageTests.java:48)
]]></failure>
  </testcase>
  <testcase name="parseTree" classname="crux.CompilerStageTests" time="0.004">
    <failure type="org.opentest4j.AssertionFailedError"><![CDATA[org.opentest4j.AssertionFailedError: 
Parse tree for program crux/stages/parse-tree/test43.crx differs from expected output. ==> expected: <program
  declarationList
    declaration
      functionDefinition
        parameterList
          parameter
            type
        type
        statementBlock
          statementList
            statement
              ifStatement
                expression0
                  expression1
                    expression2
                      expression3
                        expression0
                          expression1
                            expression2
                              expression3
                                literal
                statementBlock
                  statementList
                    statement
                      ifStatement
                        expression0
                          expression1
                            expression2
                              expression3
                                expression0
                                  expression1
                                    expression2
                                      expression3
                                        literal
                        statementBlock
                          statementList
                            statement
                              assignmentStatement
                                designator
                                expression0
                                  expression1
                                    expression2
                                      expression3
                                        literal
                        statementBlock
                          statementList
                            statement
                              whileStatement
                                expression0
                                  expression1
                                    expression2
                                      expression3
                                        expression0
                                          expression1
                                            expression2
                                              expression3
                                                literal
                                statementBlock
                                  statementList
                                    statement
                                      returnStatement
                                        expression0
                                          expression1
                                            expression2
                                              expression3
                                                designator
                    statement
                      returnStatement
                        expression0
                          expression1
                            expression2
                              expression3
                                literal
                statementBlock
                  statementList
                    statement
                      returnStatement
                        expression0
                          expression1
                            expression2
                              expression3
                                designator
    declaration
      functionDefinition
        parameterList
        type
        statementBlock
          statementList
            statement
              callStatement
                callExpression
                  expressionList
                    expression0
                      expression1
                        expression2
                          expression3
                            literal
            statement
              callStatement
                callExpression
                  expressionList
                    expression0
                      expression1
                        expression2
                          expression3
                            callExpression
                              expressionList
                                expression0
                                  expression1
                                    expression2
                                      expression3
                                        literal
> but was: <program
  declarationList
    declaration
      functionDefinition
        parameterList
          parameter
            type
        type
        statementBlock
          statementList
            statement
              if_statement
                expression0
                  expression1
                    expression2
                      expression3
                        expression0
                          expression1
                            expression2
                              expression3
                                literal
                statementBlock
                  statementList
                    statement
                      if_statement
                        expression0
                          expression1
                            expression2
                              expression3
                                expression0
                                  expression1
                                    expression2
                                      expression3
                                        literal
                        statementBlock
                          statementList
                            statement
                              assignmentStatement
                                designator
                                expression0
                                  expression1
                                    expression2
                                      expression3
                                        literal
                        statementBlock
                          statementList
                            statement
                              while_statement
                                expression0
                                  expression1
                                    expression2
                                      expression3
                                        expression0
                                          expression1
                                            expression2
                                              expression3
                                                literal
                                statementBlock
                                  statementList
                                    statement
                                      return_statement
                                        expression0
                                          expression1
                                            expression2
                                              expression3
                                                designator
                    statement
                      return_statement
                        expression0
                          expression1
                            expression2
                              expression3
                                literal
                statementBlock
                  statementList
                    statement
                      return_statement
                        expression0
                          expression1
                            expression2
                              expression3
                                designator
    declaration
      functionDefinition
        parameterList
        type
        statementBlock
          statementList
            statement
              callStatement
                callExpression
                  expressionList
                    expression0
                      expression1
                        expression2
                          expression3
                            literal
            statement
              callStatement
                callExpression
                  expressionList
                    expression0
                      expression1
                        expression2
                          expression3
                            callExpression
                              expressionList
                                expression0
                                  expression1
                                    expression2
                                      expression3
                                        literal
>
	at crux.CompilerStageTests.lambda$parseTree$1(CompilerStageTests.java:48)
]]></failure>
  </testcase>
  <testcase name="parseTree" classname="crux.CompilerStageTests" time="0.004">
    <failure type="org.opentest4j.AssertionFailedError"><![CDATA[org.opentest4j.AssertionFailedError: 
Parse tree for program crux/stages/parse-tree/test44.crx differs from expected output. ==> expected: <program
  declarationList
    declaration
      functionDefinition
        parameterList
        type
        statementBlock
          statementList
            statement
              variableDeclaration
                type
            statement
              assignmentStatement
                designator
                expression0
                  expression1
                    expression2
                      expression3
                        literal
            statement
              variableDeclaration
                type
            statement
              assignmentStatement
                designator
                expression0
                  expression1
                    expression2
                      expression3
                        literal
            statement
              whileStatement
                expression0
                  expression1
                    expression2
                      expression3
                        expression0
                          expression1
                            expression2
                              expression3
                                designator
                          op0
                          expression1
                            expression2
                              expression3
                                literal
                statementBlock
                  statementList
                    statement
                      ifStatement
                        expression0
                          expression1
                            expression2
                              expression3
                                expression0
                                  expression1
                                    expression2
                                      expression3
                                        literal
                        statementBlock
                          statementList
                            statement
                              ifStatement
                                expression0
                                  expression1
                                    expression2
                                      expression3
                                        expression0
                                          expression1
                                            expression2
                                              expression3
                                                literal
                                statementBlock
                                  statementList
                                    statement
                                      whileStatement
                                        expression0
                                          expression1
                                            expression2
                                              expression3
                                                expression0
                                                  expression1
                                                    expression2
                                                      expression3
                                                        designator
                                                  op0
                                                  expression1
                                                    expression2
                                                      expression3
                                                        literal
                                        statementBlock
                                          statementList
                                            statement
                                              callStatement
                                                callExpression
                                                  expressionList
                                                    expression0
                                                      expression1
                                                        expression2
                                                          expression3
                                                            literal
                                            statement
                                              assignmentStatement
                                                designator
                                                expression0
                                                  expression1
                                                    expression2
                                                      expression3
                                                        designator
                                                    op1
                                                    expression2
                                                      expression3
                                                        literal
                                statementBlock
                                  statementList
                                    statement
                                      callStatement
                                        callExpression
                                          expressionList
                                            expression0
                                              expression1
                                                expression2
                                                  expression3
                                                    literal
                    statement
                      callStatement
                        callExpression
                          expressionList
                            expression0
                              expression1
                                expression2
                                  expression3
                                    literal
                    statement
                      assignmentStatement
                        designator
                        expression0
                          expression1
                            expression2
                              expression3
                                designator
                            op1
                            expression2
                              expression3
                                literal
            statement
              callStatement
                callExpression
                  expressionList
                    expression0
                      expression1
                        expression2
                          expression3
                            literal
> but was: <line 19:4 mismatched input '::' expecting {'and', 'or', ')', '+', '-', '*', '/', '>=', '<=', '!=', '==', '>', '<', ','}
>
	at crux.CompilerStageTests.lambda$parseTree$1(CompilerStageTests.java:48)
]]></failure>
  </testcase>
  <testcase name="parseTree" classname="crux.CompilerStageTests" time="0.005">
    <failure type="org.opentest4j.AssertionFailedError"><![CDATA[org.opentest4j.AssertionFailedError: 
Parse tree for program crux/stages/parse-tree/test45.crx differs from expected output. ==> expected: <program
  declarationList
    declaration
      functionDefinition
        parameterList
          parameter
            type
          parameter
            type
          parameter
            type
          parameter
            type
          parameter
            type
          parameter
            type
          parameter
            type
          parameter
            type
          parameter
            type
        type
        statementBlock
          statementList
            statement
              callStatement
                callExpression
                  expressionList
                    expression0
                      expression1
                        expression2
                          expression3
                            designator
            statement
              callStatement
                callExpression
                  expressionList
            statement
              callStatement
                callExpression
                  expressionList
                    expression0
                      expression1
                        expression2
                          expression3
                            designator
            statement
              callStatement
                callExpression
                  expressionList
            statement
              callStatement
                callExpression
                  expressionList
                    expression0
                      expression1
                        expression2
                          expression3
                            designator
            statement
              callStatement
                callExpression
                  expressionList
            statement
              callStatement
                callExpression
                  expressionList
                    expression0
                      expression1
                        expression2
                          expression3
                            designator
            statement
              callStatement
                callExpression
                  expressionList
            statement
              callStatement
                callExpression
                  expressionList
                    expression0
                      expression1
                        expression2
                          expression3
                            designator
            statement
              callStatement
                callExpression
                  expressionList
            statement
              callStatement
                callExpression
                  expressionList
                    expression0
                      expression1
                        expression2
                          expression3
                            designator
            statement
              callStatement
                callExpression
                  expressionList
            statement
              callStatement
                callExpression
                  expressionList
                    expression0
                      expression1
                        expression2
                          expression3
                            designator
            statement
              callStatement
                callExpression
                  expressionList
            statement
              callStatement
                callExpression
                  expressionList
                    expression0
                      expression1
                        expression2
                          expression3
                            designator
            statement
              callStatement
                callExpression
                  expressionList
            statement
              callStatement
                callExpression
                  expressionList
                    expression0
                      expression1
                        expression2
                          expression3
                            designator
            statement
              callStatement
                callExpression
                  expressionList
    declaration
      functionDefinition
        parameterList
        type
        statementBlock
          statementList
            statement
              callStatement
                callExpression
                  expressionList
                    expression0
                      expression1
                        expression2
                          expression3
                            literal
                    expression0
                      expression1
                        expression2
                          expression3
                            literal
                    expression0
                      expression1
                        expression2
                          expression3
                            literal
                    expression0
                      expression1
                        expression2
                          expression3
                            literal
                    expression0
                      expression1
                        expression2
                          expression3
                            literal
                    expression0
                      expression1
                        expression2
                          expression3
                            literal
                    expression0
                      expression1
                        expression2
                          expression3
                            literal
                    expression0
                      expression1
                        expression2
                          expression3
                            literal
                    expression0
                      expression1
                        expression2
                          expression3
                            literal
> but was: <program
  declarationList
    declaration
      functionDefinition
        parameterList
          parameter
            type
          parameter
            type
          parameter
            type
          parameter
            type
          parameter
            type
          parameter
            type
          parameter
            type
          parameter
            type
          parameter
            type
        type
        statementBlock
          statementList
            statement
              callStatement
                callExpression
                  expressionList
                    expression0
                      expression1
                        expression2
                          expression3
                            designator
            statement
              callStatement
                callExpression
                  expressionList
            statement
              callStatement
                callExpression
                  expressionList
                    expression0
                      expression1
                        expression2
                          expression3
                            designator
            statement
              callStatement
                callExpression
                  expressionList
            statement
              callStatement
                callExpression
                  expressionList
                    expression0
                      expression1
                        expression2
                          expression3
                            designator
            statement
              callStatement
                callExpression
                  expressionList
            statement
              callStatement
                callExpression
                  expressionList
                    expression0
                      expression1
                        expression2
                          expression3
                            designator
            statement
              callStatement
                callExpression
                  expressionList
            statement
              callStatement
                callExpression
                  expressionList
                    expression0
                      expression1
                        expression2
                          expression3
                            designator
            statement
              callStatement
                callExpression
                  expressionList
            statement
              callStatement
                callExpression
                  expressionList
                    expression0
                      expression1
                        expression2
                          expression3
                            designator
            statement
              callStatement
                callExpression
                  expressionList
            statement
              callStatement
                callExpression
                  expressionList
                    expression0
                      expression1
                        expression2
                          expression3
                            designator
            statement
              callStatement
                callExpression
                  expressionList
            statement
              callStatement
                callExpression
                  expressionList
                    expression0
                      expression1
                        expression2
                          expression3
                            designator
            statement
              callStatement
                callExpression
                  expressionList
            statement
              callStatement
                callExpression
                  expressionList
                    expression0
                      expression1
                        expression2
                          expression3
                            designator
            statement
              callStatement
                callExpression
                  expressionList
    declaration
      functionDefinition
        parameterList
        type
        statementBlock
          statementList
            statement
              callStatement
                callExpression
                  expressionList
                    expression0
                      expression1
                        expression2
                          expression3
                            literal
                    expression0
                      expression1
                        expression2
                          expression3
                            literal
                    expression0
                      expression1
                        expression2
                          expression3
                            literal
                    expression0
                      expression1
                        expression2
                          expression3
                            literal
                    expression0
                      expression1
                        expression2
                          expression3
                            literal
                    expression0
                      expression1
                        expression2
                          expression3
                            literal
                    expression0
                      expression1
                        expression2
                          expression3
                            literal
                    expression0
                      expression1
                        expression2
                          expression3
                            literal
                    expression0
                      expression1
                        expression2
                          expression3
                            literal
>
	at crux.CompilerStageTests.lambda$parseTree$1(CompilerStageTests.java:48)
]]></failure>
  </testcase>
  <testcase name="parseTree" classname="crux.CompilerStageTests" time="0.007">
    <failure type="org.opentest4j.AssertionFailedError"><![CDATA[org.opentest4j.AssertionFailedError: 
Parse tree for program crux/stages/parse-tree/test46.crx differs from expected output. ==> expected: <program
  declarationList
    declaration
      arrayDeclaration
        type
    declaration
      functionDefinition
        parameterList
        type
        statementBlock
          statementList
            statement
              variableDeclaration
                type
            statement
              variableDeclaration
                type
            statement
              variableDeclaration
                type
            statement
              variableDeclaration
                type
            statement
              assignmentStatement
                designator
                expression0
                  expression1
                    expression2
                      expression3
                        literal
            statement
              assignmentStatement
                designator
                expression0
                  expression1
                    expression2
                      expression3
                        literal
            statement
              assignmentStatement
                designator
                expression0
                  expression1
                    expression2
                      expression3
                        literal
            statement
              assignmentStatement
                designator
                expression0
                  expression1
                    expression2
                      expression3
                        literal
            statement
              whileStatement
                expression0
                  expression1
                    expression2
                      expression3
                        expression0
                          expression1
                            expression2
                              expression3
                                designator
                          op0
                          expression1
                            expression2
                              expression3
                                literal
                statementBlock
                  statementList
                    statement
                      whileStatement
                        expression0
                          expression1
                            expression2
                              expression3
                                expression0
                                  expression1
                                    expression2
                                      expression3
                                        designator
                                  op0
                                  expression1
                                    expression2
                                      expression3
                                        literal
                        statementBlock
                          statementList
                            statement
                              assignmentStatement
                                designator
                                  expression0
                                    expression1
                                      expression2
                                        expression3
                                          designator
                                expression0
                                  expression1
                                    expression2
                                      expression3
                                        designator
                                      op2
                                      expression3
                                        literal
                                    op1
                                    expression2
                                      expression3
                                        designator
                                      op2
                                      expression3
                                        literal
                                    op1
                                    expression2
                                      expression3
                                        literal
                            statement
                              assignmentStatement
                                designator
                                expression0
                                  expression1
                                    expression2
                                      expression3
                                        designator
                                    op1
                                    expression2
                                      expression3
                                        literal
                    statement
                      assignmentStatement
                        designator
                        expression0
                          expression1
                            expression2
                              expression3
                                literal
                    statement
                      assignmentStatement
                        designator
                        expression0
                          expression1
                            expression2
                              expression3
                                designator
                            op1
                            expression2
                              expression3
                                literal
            statement
              assignmentStatement
                designator
                expression0
                  expression1
                    expression2
                      expression3
                        literal
            statement
              assignmentStatement
                designator
                expression0
                  expression1
                    expression2
                      expression3
                        literal
            statement
              whileStatement
                expression0
                  expression1
                    expression2
                      expression3
                        expression0
                          expression1
                            expression2
                              expression3
                                designator
                          op0
                          expression1
                            expression2
                              expression3
                                literal
                statementBlock
                  statementList
                    statement
                      whileStatement
                        expression0
                          expression1
                            expression2
                              expression3
                                expression0
                                  expression1
                                    expression2
                                      expression3
                                        designator
                                  op0
                                  expression1
                                    expression2
                                      expression3
                                        literal
                        statementBlock
                          statementList
                            statement
                              callStatement
                                callExpression
                                  expressionList
                                    expression0
                                      expression1
                                        expression2
                                          expression3
                                            designator
                                              expression0
                                                expression1
                                                  expression2
                                                    expression3
                                                      designator
                            statement
                              assignmentStatement
                                designator
                                expression0
                                  expression1
                                    expression2
                                      expression3
                                        designator
                                    op1
                                    expression2
                                      expression3
                                        literal
                    statement
                      callStatement
                        callExpression
                          expressionList
                    statement
                      assignmentStatement
                        designator
                        expression0
                          expression1
                            expression2
                              expression3
                                literal
                    statement
                      assignmentStatement
                        designator
                        expression0
                          expression1
                            expression2
                              expression3
                                designator
                            op1
                            expression2
                              expression3
                                literal
            statement
              callStatement
                callExpression
                  expressionList
                    expression0
                      expression1
                        expression2
                          expression3
                            designator
            statement
              callStatement
                callExpression
                  expressionList
                    expression0
                      expression1
                        expression2
                          expression3
                            designator
> but was: <program
  declarationList
    declaration
      array_declaration
        type
    declaration
      functionDefinition
        parameterList
        type
        statementBlock
          statementList
            statement
              variable_declaration
                type
            statement
              variable_declaration
                type
            statement
              variable_declaration
                type
            statement
              variable_declaration
                type
            statement
              assignmentStatement
                designator
                expression0
                  expression1
                    expression2
                      expression3
                        literal
            statement
              assignmentStatement
                designator
                expression0
                  expression1
                    expression2
                      expression3
                        literal
            statement
              assignmentStatement
                designator
                expression0
                  expression1
                    expression2
                      expression3
                        literal
            statement
              assignmentStatement
                designator
                expression0
                  expression1
                    expression2
                      expression3
                        literal
            statement
              while_statement
                expression0
                  expression1
                    expression2
                      expression3
                        expression0
                          expression1
                            expression2
                              expression3
                                designator
                          op0
                          expression1
                            expression2
                              expression3
                                literal
                statementBlock
                  statementList
                    statement
                      while_statement
                        expression0
                          expression1
                            expression2
                              expression3
                                expression0
                                  expression1
                                    expression2
                                      expression3
                                        designator
                                  op0
                                  expression1
                                    expression2
                                      expression3
                                        literal
                        statementBlock
                          statementList
                            statement
                              assignmentStatement
                                designator
                                  expression0
                                    expression1
                                      expression2
                                        expression3
                                          designator
                                expression0
                                  expression1
                                    expression2
                                      expression3
                                        designator
                                      op2
                                      expression3
                                        literal
                                    op1
                                    expression2
                                      expression3
                                        designator
                                      op2
                                      expression3
                                        literal
                                    op1
                                    expression2
                                      expression3
                                        literal
                            statement
                              assignmentStatement
                                designator
                                expression0
                                  expression1
                                    expression2
                                      expression3
                                        designator
                                    op1
                                    expression2
                                      expression3
                                        literal
                    statement
                      assignmentStatement
                        designator
                        expression0
                          expression1
                            expression2
                              expression3
                                literal
                    statement
                      assignmentStatement
                        designator
                        expression0
                          expression1
                            expression2
                              expression3
                                designator
                            op1
                            expression2
                              expression3
                                literal
            statement
              assignmentStatement
                designator
                expression0
                  expression1
                    expression2
                      expression3
                        literal
            statement
              assignmentStatement
                designator
                expression0
                  expression1
                    expression2
                      expression3
                        literal
            statement
              while_statement
                expression0
                  expression1
                    expression2
                      expression3
                        expression0
                          expression1
                            expression2
                              expression3
                                designator
                          op0
                          expression1
                            expression2
                              expression3
                                literal
                statementBlock
                  statementList
                    statement
                      while_statement
                        expression0
                          expression1
                            expression2
                              expression3
                                expression0
                                  expression1
                                    expression2
                                      expression3
                                        designator
                                  op0
                                  expression1
                                    expression2
                                      expression3
                                        literal
                        statementBlock
                          statementList
                            statement
                              callStatement
                                callExpression
                                  expressionList
                                    expression0
                                      expression1
                                        expression2
                                          expression3
                                            designator
                                              expression0
                                                expression1
                                                  expression2
                                                    expression3
                                                      designator
                            statement
                              assignmentStatement
                                designator
                                expression0
                                  expression1
                                    expression2
                                      expression3
                                        designator
                                    op1
                                    expression2
                                      expression3
                                        literal
                    statement
                      callStatement
                        callExpression
                          expressionList
                    statement
                      assignmentStatement
                        designator
                        expression0
                          expression1
                            expression2
                              expression3
                                literal
                    statement
                      assignmentStatement
                        designator
                        expression0
                          expression1
                            expression2
                              expression3
                                designator
                            op1
                            expression2
                              expression3
                                literal
            statement
              callStatement
                callExpression
                  expressionList
                    expression0
                      expression1
                        expression2
                          expression3
                            designator
            statement
              callStatement
                callExpression
                  expressionList
                    expression0
                      expression1
                        expression2
                          expression3
                            designator
>
	at crux.CompilerStageTests.lambda$parseTree$1(CompilerStageTests.java:48)
]]></failure>
  </testcase>
  <testcase name="parseTree" classname="crux.CompilerStageTests" time="0.006">
    <failure type="org.opentest4j.AssertionFailedError"><![CDATA[org.opentest4j.AssertionFailedError: 
Parse tree for program crux/stages/parse-tree/test47.crx differs from expected output. ==> expected: <program
  declarationList
    declaration
      variableDeclaration
        type
    declaration
      functionDefinition
        parameterList
        type
        statementBlock
          statementList
            statement
              assignmentStatement
                designator
                expression0
                  expression1
                    expression2
                      expression3
                        literal
            statement
              ifStatement
                expression0
                  expression1
                    expression2
                      expression3
                        expression0
                          expression1
                            expression2
                              expression3
                                literal
                statementBlock
                  statementList
                    statement
                      variableDeclaration
                        type
                    statement
                      assignmentStatement
                        designator
                        expression0
                          expression1
                            expression2
                              expression3
                                literal
                    statement
                      ifStatement
                        expression0
                          expression1
                            expression2
                              expression3
                                expression0
                                  expression1
                                    expression2
                                      expression3
                                        literal
                        statementBlock
                          statementList
                            statement
                              assignmentStatement
                                designator
                                expression0
                                  expression1
                                    expression2
                                      expression3
                                        designator
                                      op2
                                      expression3
                                        literal
                            statement
                              variableDeclaration
                                type
                            statement
                              assignmentStatement
                                designator
                                expression0
                                  expression1
                                    expression2
                                      expression3
                                        literal
                            statement
                              ifStatement
                                expression0
                                  expression1
                                    expression2
                                      expression3
                                        expression0
                                          expression1
                                            expression2
                                              expression3
                                                literal
                                statementBlock
                                  statementList
                                    statement
                                      variableDeclaration
                                        type
                                    statement
                                      assignmentStatement
                                        designator
                                        expression0
                                          expression1
                                            expression2
                                              expression3
                                                literal
                                    statement
                                      callStatement
                                        callExpression
                                          expressionList
                                            expression0
                                              expression1
                                                expression2
                                                  expression3
                                                    designator
                                    statement
                                      callStatement
                                        callExpression
                                          expressionList
                            statement
                              callStatement
                                callExpression
                                  expressionList
                                    expression0
                                      expression1
                                        expression2
                                          expression3
                                            designator
                            statement
                              callStatement
                                callExpression
                                  expressionList
                    statement
                      callStatement
                        callExpression
                          expressionList
                            expression0
                              expression1
                                expression2
                                  expression3
                                    designator
                    statement
                      callStatement
                        callExpression
                          expressionList
            statement
              callStatement
                callExpression
                  expressionList
                    expression0
                      expression1
                        expression2
                          expression3
                            designator
            statement
              callStatement
                callExpression
                  expressionList
> but was: <line 19:6 mismatched input '::' expecting {'not', 'true', 'false', '(', ')', ',', '::', INTEGER, IDENTIFIER}
line 22:4 mismatched input '::' expecting {'not', 'true', 'false', '(', ')', ',', '::', INTEGER, IDENTIFIER}
line 25:2 mismatched input '::' expecting {'not', 'true', 'false', '(', ')', ',', '::', INTEGER, IDENTIFIER}
>
	at crux.CompilerStageTests.lambda$parseTree$1(CompilerStageTests.java:48)
]]></failure>
  </testcase>
  <testcase name="parseTree" classname="crux.CompilerStageTests" time="0.006">
    <failure type="org.opentest4j.AssertionFailedError"><![CDATA[org.opentest4j.AssertionFailedError: 
Parse tree for program crux/stages/parse-tree/test48.crx differs from expected output. ==> expected: <program
  declarationList
    declaration
      functionDefinition
        parameterList
        type
        statementBlock
          statementList
            statement
              variableDeclaration
                type
            statement
              assignmentStatement
                designator
                expression0
                  expression1
                    expression2
                      expression3
                        literal
            statement
              variableDeclaration
                type
            statement
              variableDeclaration
                type
            statement
              assignmentStatement
                designator
                expression0
                  expression1
                    expression2
                      expression3
                        literal
            statement
              assignmentStatement
                designator
                expression0
                  expression1
                    expression2
                      expression3
                        literal
            statement
              whileStatement
                expression0
                  expression1
                    expression2
                      expression3
                        expression0
                          expression1
                            expression2
                              expression3
                                designator
                          op0
                          expression1
                            expression2
                              expression3
                                literal
                statementBlock
                  statementList
                    statement
                      callStatement
                        callExpression
                          expressionList
                            expression0
                              expression1
                                expression2
                                  expression3
                                    designator
                    statement
                      callStatement
                        callExpression
                          expressionList
                    statement
                      variableDeclaration
                        type
                    statement
                      assignmentStatement
                        designator
                        expression0
                          expression1
                            expression2
                              expression3
                                designator
                            op1
                            expression2
                              expression3
                                designator
                    statement
                      assignmentStatement
                        designator
                        expression0
                          expression1
                            expression2
                              expression3
                                designator
                    statement
                      assignmentStatement
                        designator
                        expression0
                          expression1
                            expression2
                              expression3
                                designator
                    statement
                      assignmentStatement
                        designator
                        expression0
                          expression1
                            expression2
                              expression3
                                designator
                            op1
                            expression2
                              expression3
                                literal
> but was: <program
  declarationList
    declaration
      functionDefinition
        parameterList
        type
        statementBlock
          statementList
            statement
              variable_declaration
                type
            statement
              assignmentStatement
                designator
                expression0
                  expression1
                    expression2
                      expression3
                        literal
            statement
              variable_declaration
                type
            statement
              variable_declaration
                type
            statement
              assignmentStatement
                designator
                expression0
                  expression1
                    expression2
                      expression3
                        literal
            statement
              assignmentStatement
                designator
                expression0
                  expression1
                    expression2
                      expression3
                        literal
            statement
              while_statement
                expression0
                  expression1
                    expression2
                      expression3
                        expression0
                          expression1
                            expression2
                              expression3
                                designator
                          op0
                          expression1
                            expression2
                              expression3
                                literal
                statementBlock
                  statementList
                    statement
                      callStatement
                        callExpression
                          expressionList
                            expression0
                              expression1
                                expression2
                                  expression3
                                    designator
                    statement
                      callStatement
                        callExpression
                          expressionList
                    statement
                      variable_declaration
                        type
                    statement
                      assignmentStatement
                        designator
                        expression0
                          expression1
                            expression2
                              expression3
                                designator
                            op1
                            expression2
                              expression3
                                designator
                    statement
                      assignmentStatement
                        designator
                        expression0
                          expression1
                            expression2
                              expression3
                                designator
                    statement
                      assignmentStatement
                        designator
                        expression0
                          expression1
                            expression2
                              expression3
                                designator
                    statement
                      assignmentStatement
                        designator
                        expression0
                          expression1
                            expression2
                              expression3
                                designator
                            op1
                            expression2
                              expression3
                                literal
>
	at crux.CompilerStageTests.lambda$parseTree$1(CompilerStageTests.java:48)
]]></failure>
  </testcase>
  <testcase name="parseTree" classname="crux.CompilerStageTests" time="0.006">
    <failure type="org.opentest4j.AssertionFailedError"><![CDATA[org.opentest4j.AssertionFailedError: 
Parse tree for program crux/stages/parse-tree/test49.crx differs from expected output. ==> expected: <program
  declarationList
    declaration
      arrayDeclaration
        type
    declaration
      functionDefinition
        parameterList
        type
        statementBlock
          statementList
            statement
              variableDeclaration
                type
            statement
              assignmentStatement
                designator
                expression0
                  expression1
                    expression2
                      expression3
                        literal
            statement
              whileStatement
                expression0
                  expression1
                    expression2
                      expression3
                        expression0
                          expression1
                            expression2
                              expression3
                                designator
                statementBlock
                  statementList
                    statement
                      assignmentStatement
                        designator
                        expression0
                          expression1
                            expression2
                              expression3
                                literal
                    statement
                      variableDeclaration
                        type
                    statement
                      assignmentStatement
                        designator
                        expression0
                          expression1
                            expression2
                              expression3
                                literal
                    statement
                      whileStatement
                        expression0
                          expression1
                            expression2
                              expression3
                                expression0
                                  expression1
                                    expression2
                                      expression3
                                        designator
                                  op0
                                  expression1
                                    expression2
                                      expression3
                                        literal
                        statementBlock
                          statementList
                            statement
                              ifStatement
                                expression0
                                  expression1
                                    expression2
                                      expression3
                                        expression0
                                          expression1
                                            expression2
                                              expression3
                                                designator
                                                  expression0
                                                    expression1
                                                      expression2
                                                        expression3
                                                          designator
                                          op0
                                          expression1
                                            expression2
                                              expression3
                                                designator
                                                  expression0
                                                    expression1
                                                      expression2
                                                        expression3
                                                          designator
                                                      op1
                                                      expression2
                                                        expression3
                                                          literal
                                statementBlock
                                  statementList
                                    statement
                                      variableDeclaration
                                        type
                                    statement
                                      assignmentStatement
                                        designator
                                        expression0
                                          expression1
                                            expression2
                                              expression3
                                                designator
                                                  expression0
                                                    expression1
                                                      expression2
                                                        expression3
                                                          designator
                                    statement
                                      assignmentStatement
                                        designator
                                          expression0
                                            expression1
                                              expression2
                                                expression3
                                                  designator
                                        expression0
                                          expression1
                                            expression2
                                              expression3
                                                designator
                                                  expression0
                                                    expression1
                                                      expression2
                                                        expression3
                                                          designator
                                                      op1
                                                      expression2
                                                        expression3
                                                          literal
                                    statement
                                      assignmentStatement
                                        designator
                                          expression0
                                            expression1
                                              expression2
                                                expression3
                                                  designator
                                              op1
                                              expression2
                                                expression3
                                                  literal
                                        expression0
                                          expression1
                                            expression2
                                              expression3
                                                designator
                                    statement
                                      assignmentStatement
                                        designator
                                        expression0
                                          expression1
                                            expression2
                                              expression3
                                                literal
                            statement
                              assignmentStatement
                                designator
                                expression0
                                  expression1
                                    expression2
                                      expression3
                                        designator
                                    op1
                                    expression2
                                      expression3
                                        literal
    declaration
      functionDefinition
        parameterList
        type
        statementBlock
          statementList
            statement
              variableDeclaration
                type
            statement
              assignmentStatement
                designator
                expression0
                  expression1
                    expression2
                      expression3
                        literal
            statement
              whileStatement
                expression0
                  expression1
                    expression2
                      expression3
                        expression0
                          expression1
                            expression2
                              expression3
                                designator
                          op0
                          expression1
                            expression2
                              expression3
                                literal
                statementBlock
                  statementList
                    statement
                      assignmentStatement
                        designator
                          expression0
                            expression1
                              expression2
                                expression3
                                  designator
                        expression0
                          expression1
                            expression2
                              expression3
                                literal
                            op1
                            expression2
                              expression3
                                designator
                    statement
                      assignmentStatement
                        designator
                        expression0
                          expression1
                            expression2
                              expression3
                                designator
                            op1
                            expression2
                              expression3
                                literal
            statement
              callStatement
                callExpression
                  expressionList
            statement
              assignmentStatement
                designator
                expression0
                  expression1
                    expression2
                      expression3
                        literal
            statement
              whileStatement
                expression0
                  expression1
                    expression2
                      expression3
                        expression0
                          expression1
                            expression2
                              expression3
                                designator
                          op0
                          expression1
                            expression2
                              expression3
                                literal
                statementBlock
                  statementList
                    statement
                      callStatement
                        callExpression
                          expressionList
                            expression0
                              expression1
                                expression2
                                  expression3
                                    designator
                                      expression0
                                        expression1
                                          expression2
                                            expression3
                                              designator
                    statement
                      callStatement
                        callExpression
                          expressionList
                    statement
                      assignmentStatement
                        designator
                        expression0
                          expression1
                            expression2
                              expression3
                                designator
                            op1
                            expression2
                              expression3
                                literal
> but was: <line 19:6 mismatched input 'let' expecting {'and', 'or', '+', '-', '*', '/', '>=', '<=', '!=', '==', '>', '<', ';'}
>
	at crux.CompilerStageTests.lambda$parseTree$1(CompilerStageTests.java:48)
]]></failure>
  </testcase>
  <testcase name="parseTree" classname="crux.CompilerStageTests" time="0.012">
    <failure type="org.opentest4j.AssertionFailedError"><![CDATA[org.opentest4j.AssertionFailedError: 
Parse tree for program crux/stages/parse-tree/test50.crx differs from expected output. ==> expected: <program
  declarationList
    declaration
      functionDefinition
        parameterList
          parameter
            type
          parameter
            type
        type
        statementBlock
          statementList
            statement
              variableDeclaration
                type
            statement
              assignmentStatement
                designator
                expression0
                  expression1
                    expression2
                      expression3
                        literal
            statement
              variableDeclaration
                type
            statement
              assignmentStatement
                designator
                expression0
                  expression1
                    expression2
                      expression3
                        literal
            statement
              whileStatement
                expression0
                  expression1
                    expression2
                      expression3
                        expression0
                          expression1
                            expression2
                              expression3
                                expression0
                                  expression1
                                    expression2
                                      expression3
                                        designator
                                  op0
                                  expression1
                                    expression2
                                      expression3
                                        literal
                            op1
                            expression2
                              expression3
                                expression0
                                  expression1
                                    expression2
                                      expression3
                                        designator
                                  op0
                                  expression1
                                    expression2
                                      expression3
                                        literal
                statementBlock
                  statementList
                    statement
                      variableDeclaration
                        type
                    statement
                      variableDeclaration
                        type
                    statement
                      assignmentStatement
                        designator
                        expression0
                          expression1
                            expression2
                              expression3
                                designator
                            op1
                            expression2
                              expression3
                                expression0
                                  expression1
                                    expression2
                                      expression3
                                        expression0
                                          expression1
                                            expression2
                                              expression3
                                                designator
                                              op2
                                              expression3
                                                literal
                                      op2
                                      expression3
                                        literal
                    statement
                      assignmentStatement
                        designator
                        expression0
                          expression1
                            expression2
                              expression3
                                designator
                            op1
                            expression2
                              expression3
                                expression0
                                  expression1
                                    expression2
                                      expression3
                                        expression0
                                          expression1
                                            expression2
                                              expression3
                                                designator
                                              op2
                                              expression3
                                                literal
                                      op2
                                      expression3
                                        literal
                    statement
                      ifStatement
                        expression0
                          expression1
                            expression2
                              expression3
                                expression0
                                  expression1
                                    expression2
                                      expression3
                                        expression0
                                          expression1
                                            expression2
                                              expression3
                                                designator
                                          op0
                                          expression1
                                            expression2
                                              expression3
                                                literal
                                      op2
                                      expression3
                                        expression0
                                          expression1
                                            expression2
                                              expression3
                                                designator
                                          op0
                                          expression1
                                            expression2
                                              expression3
                                                literal
                        statementBlock
                          statementList
                            statement
                              assignmentStatement
                                designator
                                expression0
                                  expression1
                                    expression2
                                      expression3
                                        designator
                                      op2
                                      expression3
                                        literal
                                    op1
                                    expression2
                                      expression3
                                        literal
                        statementBlock
                          statementList
                            statement
                              ifStatement
                                expression0
                                  expression1
                                    expression2
                                      expression3
                                        expression0
                                          expression1
                                            expression2
                                              expression3
                                                expression0
                                                  expression1
                                                    expression2
                                                      expression3
                                                        designator
                                                  op0
                                                  expression1
                                                    expression2
                                                      expression3
                                                        literal
                                              op2
                                              expression3
                                                expression0
                                                  expression1
                                                    expression2
                                                      expression3
                                                        designator
                                                  op0
                                                  expression1
                                                    expression2
                                                      expression3
                                                        literal
                                statementBlock
                                  statementList
                                    statement
                                      assignmentStatement
                                        designator
                                        expression0
                                          expression1
                                            expression2
                                              expression3
                                                designator
                                              op2
                                              expression3
                                                literal
                                            op1
                                            expression2
                                              expression3
                                                literal
                                statementBlock
                                  statementList
                                    statement
                                      assignmentStatement
                                        designator
                                        expression0
                                          expression1
                                            expression2
                                              expression3
                                                designator
                                              op2
                                              expression3
                                                literal
                    statement
                      assignmentStatement
                        designator
                        expression0
                          expression1
                            expression2
                              expression3
                                designator
                              op2
                              expression3
                                literal
                    statement
                      assignmentStatement
                        designator
                        expression0
                          expression1
                            expression2
                              expression3
                                designator
                              op2
                              expression3
                                literal
                    statement
                      assignmentStatement
                        designator
                        expression0
                          expression1
                            expression2
                              expression3
                                designator
                            op1
                            expression2
                              expression3
                                literal
            statement
              variableDeclaration
                type
            statement
              assignmentStatement
                designator
                expression0
                  expression1
                    expression2
                      expression3
                        literal
            statement
              whileStatement
                expression0
                  expression1
                    expression2
                      expression3
                        expression0
                          expression1
                            expression2
                              expression3
                                designator
                          op0
                          expression1
                            expression2
                              expression3
                                literal
                statementBlock
                  statementList
                    statement
                      assignmentStatement
                        designator
                        expression0
                          expression1
                            expression2
                              expression3
                                expression0
                                  expression1
                                    expression2
                                      expression3
                                        designator
                                      op2
                                      expression3
                                        literal
                            op1
                            expression2
                              expression3
                                expression0
                                  expression1
                                    expression2
                                      expression3
                                        designator
                                    op1
                                    expression2
                                      expression3
                                        expression0
                                          expression1
                                            expression2
                                              expression3
                                                designator
                                              op2
                                              expression3
                                                literal
                                      op2
                                      expression3
                                        literal
                    statement
                      assignmentStatement
                        designator
                        expression0
                          expression1
                            expression2
                              expression3
                                designator
                              op2
                              expression3
                                literal
                    statement
                      assignmentStatement
                        designator
                        expression0
                          expression1
                            expression2
                              expression3
                                designator
                            op1
                            expression2
                              expression3
                                literal
            statement
              returnStatement
                expression0
                  expression1
                    expression2
                      expression3
                        designator
    declaration
      functionDefinition
        parameterList
        type
        statementBlock
          statementList
            statement
              variableDeclaration
                type
            statement
              assignmentStatement
                designator
                expression0
                  expression1
                    expression2
                      expression3
                        literal
            statement
              whileStatement
                expression0
                  expression1
                    expression2
                      expression3
                        expression0
                          expression1
                            expression2
                              expression3
                                designator
                          op0
                          expression1
                            expression2
                              expression3
                                literal
                statementBlock
                  statementList
                    statement
                      variableDeclaration
                        type
                    statement
                      assignmentStatement
                        designator
                        expression0
                          expression1
                            expression2
                              expression3
                                callExpression
                                  expressionList
                    statement
                      callStatement
                        callExpression
                          expressionList
                            expression0
                              expression1
                                expression2
                                  expression3
                                    callExpression
                                      expressionList
                                        expression0
                                          expression1
                                            expression2
                                              expression3
                                                designator
                                        expression0
                                          expression1
                                            expression2
                                              expression3
                                                literal
                                            op1
                                            expression2
                                              expression3
                                                designator
                    statement
                      assignmentStatement
                        designator
                        expression0
                          expression1
                            expression2
                              expression3
                                designator
                            op1
                            expression2
                              expression3
                                literal
> but was: <program
  declarationList
    declaration
      functionDefinition
        parameterList
          parameter
            type
          parameter
            type
        type
        statementBlock
          statementList
            statement
              variable_declaration
                type
            statement
              assignmentStatement
                designator
                expression0
                  expression1
                    expression2
                      expression3
                        literal
            statement
              variable_declaration
                type
            statement
              assignmentStatement
                designator
                expression0
                  expression1
                    expression2
                      expression3
                        literal
            statement
              while_statement
                expression0
                  expression1
                    expression2
                      expression3
                        expression0
                          expression1
                            expression2
                              expression3
                                expression0
                                  expression1
                                    expression2
                                      expression3
                                        designator
                                  op0
                                  expression1
                                    expression2
                                      expression3
                                        literal
                            op1
                            expression2
                              expression3
                                expression0
                                  expression1
                                    expression2
                                      expression3
                                        designator
                                  op0
                                  expression1
                                    expression2
                                      expression3
                                        literal
                statementBlock
                  statementList
                    statement
                      variable_declaration
                        type
                    statement
                      variable_declaration
                        type
                    statement
                      assignmentStatement
                        designator
                        expression0
                          expression1
                            expression2
                              expression3
                                designator
                            op1
                            expression2
                              expression3
                                expression0
                                  expression1
                                    expression2
                                      expression3
                                        expression0
                                          expression1
                                            expression2
                                              expression3
                                                designator
                                              op2
                                              expression3
                                                literal
                                      op2
                                      expression3
                                        literal
                    statement
                      assignmentStatement
                        designator
                        expression0
                          expression1
                            expression2
                              expression3
                                designator
                            op1
                            expression2
                              expression3
                                expression0
                                  expression1
                                    expression2
                                      expression3
                                        expression0
                                          expression1
                                            expression2
                                              expression3
                                                designator
                                              op2
                                              expression3
                                                literal
                                      op2
                                      expression3
                                        literal
                    statement
                      if_statement
                        expression0
                          expression1
                            expression2
                              expression3
                                expression0
                                  expression1
                                    expression2
                                      expression3
                                        expression0
                                          expression1
                                            expression2
                                              expression3
                                                designator
                                          op0
                                          expression1
                                            expression2
                                              expression3
                                                literal
                                      op2
                                      expression3
                                        expression0
                                          expression1
                                            expression2
                                              expression3
                                                designator
                                          op0
                                          expression1
                                            expression2
                                              expression3
                                                literal
                        statementBlock
                          statementList
                            statement
                              assignmentStatement
                                designator
                                expression0
                                  expression1
                                    expression2
                                      expression3
                                        designator
                                      op2
                                      expression3
                                        literal
                                    op1
                                    expression2
                                      expression3
                                        literal
                        statementBlock
                          statementList
                            statement
                              if_statement
                                expression0
                                  expression1
                                    expression2
                                      expression3
                                        expression0
                                          expression1
                                            expression2
                                              expression3
                                                expression0
                                                  expression1
                                                    expression2
                                                      expression3
                                                        designator
                                                  op0
                                                  expression1
                                                    expression2
                                                      expression3
                                                        literal
                                              op2
                                              expression3
                                                expression0
                                                  expression1
                                                    expression2
                                                      expression3
                                                        designator
                                                  op0
                                                  expression1
                                                    expression2
                                                      expression3
                                                        literal
                                statementBlock
                                  statementList
                                    statement
                                      assignmentStatement
                                        designator
                                        expression0
                                          expression1
                                            expression2
                                              expression3
                                                designator
                                              op2
                                              expression3
                                                literal
                                            op1
                                            expression2
                                              expression3
                                                literal
                                statementBlock
                                  statementList
                                    statement
                                      assignmentStatement
                                        designator
                                        expression0
                                          expression1
                                            expression2
                                              expression3
                                                designator
                                              op2
                                              expression3
                                                literal
                    statement
                      assignmentStatement
                        designator
                        expression0
                          expression1
                            expression2
                              expression3
                                designator
                              op2
                              expression3
                                literal
                    statement
                      assignmentStatement
                        designator
                        expression0
                          expression1
                            expression2
                              expression3
                                designator
                              op2
                              expression3
                                literal
                    statement
                      assignmentStatement
                        designator
                        expression0
                          expression1
                            expression2
                              expression3
                                designator
                            op1
                            expression2
                              expression3
                                literal
            statement
              variable_declaration
                type
            statement
              assignmentStatement
                designator
                expression0
                  expression1
                    expression2
                      expression3
                        literal
            statement
              while_statement
                expression0
                  expression1
                    expression2
                      expression3
                        expression0
                          expression1
                            expression2
                              expression3
                                designator
                          op0
                          expression1
                            expression2
                              expression3
                                literal
                statementBlock
                  statementList
                    statement
                      assignmentStatement
                        designator
                        expression0
                          expression1
                            expression2
                              expression3
                                expression0
                                  expression1
                                    expression2
                                      expression3
                                        designator
                                      op2
                                      expression3
                                        literal
                            op1
                            expression2
                              expression3
                                expression0
                                  expression1
                                    expression2
                                      expression3
                                        designator
                                    op1
                                    expression2
                                      expression3
                                        expression0
                                          expression1
                                            expression2
                                              expression3
                                                designator
                                              op2
                                              expression3
                                                literal
                                      op2
                                      expression3
                                        literal
                    statement
                      assignmentStatement
                        designator
                        expression0
                          expression1
                            expression2
                              expression3
                                designator
                              op2
                              expression3
                                literal
                    statement
                      assignmentStatement
                        designator
                        expression0
                          expression1
                            expression2
                              expression3
                                designator
                            op1
                            expression2
                              expression3
                                literal
            statement
              return_statement
                expression0
                  expression1
                    expression2
                      expression3
                        designator
    declaration
      functionDefinition
        parameterList
        type
        statementBlock
          statementList
            statement
              variable_declaration
                type
            statement
              assignmentStatement
                designator
                expression0
                  expression1
                    expression2
                      expression3
                        literal
            statement
              while_statement
                expression0
                  expression1
                    expression2
                      expression3
                        expression0
                          expression1
                            expression2
                              expression3
                                designator
                          op0
                          expression1
                            expression2
                              expression3
                                literal
                statementBlock
                  statementList
                    statement
                      variable_declaration
                        type
                    statement
                      assignmentStatement
                        designator
                        expression0
                          expression1
                            expression2
                              expression3
                                callExpression
                                  expressionList
                    statement
                      callStatement
                        callExpression
                          expressionList
                            expression0
                              expression1
                                expression2
                                  expression3
                                    callExpression
                                      expressionList
                                        expression0
                                          expression1
                                            expression2
                                              expression3
                                                designator
                                        expression0
                                          expression1
                                            expression2
                                              expression3
                                                literal
                                            op1
                                            expression2
                                              expression3
                                                designator
                    statement
                      assignmentStatement
                        designator
                        expression0
                          expression1
                            expression2
                              expression3
                                designator
                            op1
                            expression2
                              expression3
                                literal
>
	at crux.CompilerStageTests.lambda$parseTree$1(CompilerStageTests.java:48)
]]></failure>
  </testcase>
</testsuite>